١٠-٠١-٢٠٢٠ ٠٩:٤٥:٢٨.٠٧٤ [restartedMain] INFO  com.mandob.MandobDemoApplication.logStarting - Starting MandobDemoApplication on DESKTOP-INV2J7Q with PID 8956 (C:\Users\EGYPT\Downloads\mandob-demo\target\classes started by EGYPT in C:\Users\EGYPT\Downloads\mandob-demo)
١٠-٠١-٢٠٢٠ ٠٩:٤٥:٢٨.٠٨٣ [restartedMain] INFO  com.mandob.MandobDemoApplication.logStartupProfileInfo - No active profile set, falling back to default profiles: default
١٠-٠١-٢٠٢٠ ٠٩:٤٥:٢٨.٦٥٧ [restartedMain] INFO  o.s.d.r.c.RepositoryConfigurationDelegate.registerRepositoriesIn - Bootstrapping Spring Data JPA repositories in DEFAULT mode.
١٠-٠١-٢٠٢٠ ٠٩:٤٥:٢٨.٧٣٥ [restartedMain] INFO  o.s.d.r.c.RepositoryConfigurationDelegate.registerRepositoriesIn - Finished Spring Data repository scanning in 77ms. Found 5 JPA repository interfaces.
١٠-٠١-٢٠٢٠ ٠٩:٤٥:٢٨.٨٨٩ [restartedMain] INFO  o.s.c.s.PostProcessorRegistrationDelegate$BeanPostProcessorChecker.postProcessAfterInitialization - Bean 'org.springframework.ws.config.annotation.DelegatingWsConfiguration' of type [org.springframework.ws.config.annotation.DelegatingWsConfiguration$$EnhancerBySpringCGLIB$$5fece0d5] is not eligible for getting processed by all BeanPostProcessors (for example: not eligible for auto-proxying)
١٠-٠١-٢٠٢٠ ٠٩:٤٥:٢٨.٨٩٢ [restartedMain] INFO  o.s.w.s.a.s.AnnotationActionEndpointMapping.afterPropertiesSet - Supporting [WS-Addressing August 2004, WS-Addressing 1.0]
١٠-٠١-٢٠٢٠ ٠٩:٤٥:٢٨.٩٠١ [restartedMain] INFO  o.s.c.s.PostProcessorRegistrationDelegate$BeanPostProcessorChecker.postProcessAfterInitialization - Bean 'org.springframework.transaction.annotation.ProxyTransactionManagementConfiguration' of type [org.springframework.transaction.annotation.ProxyTransactionManagementConfiguration] is not eligible for getting processed by all BeanPostProcessors (for example: not eligible for auto-proxying)
١٠-٠١-٢٠٢٠ ٠٩:٤٥:٢٨.٩٥٧ [restartedMain] WARN  o.a.tomcat.util.modeler.Registry.log - The MBean registry cannot be disabled because it has already been initialised
١٠-٠١-٢٠٢٠ ٠٩:٤٥:٢٨.٩٧٨ [restartedMain] INFO  o.s.b.w.e.tomcat.TomcatWebServer.initialize - Tomcat initialized with port(s): 8011 (http)
١٠-٠١-٢٠٢٠ ٠٩:٤٥:٢٨.٩٧٩ [restartedMain] INFO  o.a.catalina.core.StandardService.log - Starting service [Tomcat]
١٠-٠١-٢٠٢٠ ٠٩:٤٥:٢٨.٩٧٩ [restartedMain] INFO  o.a.catalina.core.StandardEngine.log - Starting Servlet engine: [Apache Tomcat/9.0.29]
١٠-٠١-٢٠٢٠ ٠٩:٤٥:٢٩.٠١١ [restartedMain] INFO  o.a.c.c.C.[Tomcat].[localhost].[/].log - Initializing Spring embedded WebApplicationContext
١٠-٠١-٢٠٢٠ ٠٩:٤٥:٢٩.٠١٢ [restartedMain] INFO  o.s.web.context.ContextLoader.prepareWebApplicationContext - Root WebApplicationContext: initialization completed in 922 ms
١٠-٠١-٢٠٢٠ ٠٩:٤٥:٢٩.٠٣٠ [restartedMain] INFO  com.zaxxer.hikari.HikariDataSource.getConnection - HikariPool-3 - Starting...
١٠-٠١-٢٠٢٠ ٠٩:٤٥:٢٩.٠٤٠ [restartedMain] INFO  com.zaxxer.hikari.HikariDataSource.getConnection - HikariPool-3 - Start completed.
١٠-٠١-٢٠٢٠ ٠٩:٤٥:٢٩.٠٤١ [restartedMain] INFO  o.s.b.a.h.H2ConsoleAutoConfiguration.lambda$h2Console$0 - H2 console available at '/h2-console'. Database available at 'jdbc:mysql://localhost:3306/mandob_db'
١٠-٠١-٢٠٢٠ ٠٩:٤٥:٢٩.١١٠ [restartedMain] INFO  o.h.jpa.internal.util.LogHelper.logPersistenceUnitInformation - HHH000204: Processing PersistenceUnitInfo [name: default]
١٠-٠١-٢٠٢٠ ٠٩:٤٥:٢٩.١١٨ [restartedMain] INFO  org.hibernate.dialect.Dialect.<init> - HHH000400: Using dialect: org.hibernate.dialect.MySQL55Dialect
١٠-٠١-٢٠٢٠ ٠٩:٤٥:٢٩.٥٣٦ [restartedMain] INFO  o.h.e.t.j.p.i.JtaPlatformInitiator.initiateService - HHH000490: Using JtaPlatform implementation: [org.hibernate.engine.transaction.jta.platform.internal.NoJtaPlatform]
١٠-٠١-٢٠٢٠ ٠٩:٤٥:٢٩.٥٣٦ [restartedMain] INFO  o.s.o.j.LocalContainerEntityManagerFactoryBean.buildNativeEntityManagerFactory - Initialized JPA EntityManagerFactory for persistence unit 'default'
١٠-٠١-٢٠٢٠ ٠٩:٤٥:٢٩.٥٤٨ [restartedMain] WARN  o.s.b.d.a.OptionalLiveReloadServer.startServer - Unable to start LiveReload server
١٠-٠١-٢٠٢٠ ٠٩:٤٥:٢٩.٩٤٧ [restartedMain] WARN  o.s.b.a.o.j.JpaBaseConfiguration$JpaWebConfiguration.openEntityManagerInViewInterceptor - spring.jpa.open-in-view is enabled by default. Therefore, database queries may be performed during view rendering. Explicitly configure spring.jpa.open-in-view to disable this warning
١٠-٠١-٢٠٢٠ ٠٩:٤٥:٣٠.٠٣٩ [restartedMain] INFO  o.s.s.c.ThreadPoolTaskExecutor.initialize - Initializing ExecutorService 'applicationTaskExecutor'
١٠-٠١-٢٠٢٠ ٠٩:٤٥:٣٠.٠٩٢ [restartedMain] WARN  o.s.b.a.t.ThymeleafAutoConfiguration$DefaultTemplateResolverConfiguration.checkTemplateLocationExists - Cannot find template location: classpath:/templates/ (please add some templates or check your Thymeleaf configuration)
١٠-٠١-٢٠٢٠ ٠٩:٤٥:٣٠.١٥٨ [restartedMain] INFO  o.s.b.w.e.tomcat.TomcatWebServer.start - Tomcat started on port(s): 8011 (http) with context path ''
١٠-٠١-٢٠٢٠ ٠٩:٤٥:٣٠.١٥٩ [restartedMain] INFO  com.mandob.MandobDemoApplication.logStarted - Started MandobDemoApplication in 2.184 seconds (JVM running for 95882.953)
١٠-٠١-٢٠٢٠ ٠٩:٤٥:٣٠.١٦٠ [restartedMain] INFO  o.s.b.d.a.ConditionEvaluationDeltaLoggingListener.onApplicationEvent - Condition evaluation unchanged
١٠-٠١-٢٠٢٠ ٠٩:٥٣:٥٠.٩٧٠ [Thread-11] INFO  o.s.s.c.ThreadPoolTaskExecutor.shutdown - Shutting down ExecutorService 'applicationTaskExecutor'
١٠-٠١-٢٠٢٠ ٠٩:٥٣:٥٠.٩٧٢ [Thread-11] INFO  o.s.o.j.LocalContainerEntityManagerFactoryBean.destroy - Closing JPA EntityManagerFactory for persistence unit 'default'
١٠-٠١-٢٠٢٠ ٠٩:٥٣:٥٠.٩٧٣ [Thread-11] INFO  com.zaxxer.hikari.HikariDataSource.close - HikariPool-3 - Shutdown initiated...
١٠-٠١-٢٠٢٠ ٠٩:٥٣:٥٠.٩٨٥ [Thread-11] INFO  com.zaxxer.hikari.HikariDataSource.close - HikariPool-3 - Shutdown completed.
١٠-٠١-٢٠٢٠ ٠٩:٥٣:٥٧.١٩٧ [restartedMain] INFO  com.mandob.MandobDemoApplication.logStarting - Starting MandobDemoApplication on DESKTOP-INV2J7Q with PID 8956 (C:\Users\EGYPT\Downloads\mandob-demo\target\classes started by EGYPT in C:\Users\EGYPT\Downloads\mandob-demo)
١٠-٠١-٢٠٢٠ ٠٩:٥٣:٥٧.١٩٨ [restartedMain] INFO  com.mandob.MandobDemoApplication.logStartupProfileInfo - No active profile set, falling back to default profiles: default
١٠-٠١-٢٠٢٠ ٠٩:٥٣:٥٧.٤٥٤ [restartedMain] INFO  o.s.d.r.c.RepositoryConfigurationDelegate.registerRepositoriesIn - Bootstrapping Spring Data JPA repositories in DEFAULT mode.
١٠-٠١-٢٠٢٠ ٠٩:٥٣:٥٧.٤٥٥ [restartedMain] INFO  o.s.d.r.c.RepositoryConfigurationDelegate.registerRepositoriesIn - Finished Spring Data repository scanning in 0ms. Found 0 JPA repository interfaces.
١٠-٠١-٢٠٢٠ ٠٩:٥٣:٥٧.٥٣٧ [restartedMain] INFO  o.s.c.s.PostProcessorRegistrationDelegate$BeanPostProcessorChecker.postProcessAfterInitialization - Bean 'org.springframework.ws.config.annotation.DelegatingWsConfiguration' of type [org.springframework.ws.config.annotation.DelegatingWsConfiguration$$EnhancerBySpringCGLIB$$5fece0d5] is not eligible for getting processed by all BeanPostProcessors (for example: not eligible for auto-proxying)
١٠-٠١-٢٠٢٠ ٠٩:٥٣:٥٧.٥٣٩ [restartedMain] INFO  o.s.w.s.a.s.AnnotationActionEndpointMapping.afterPropertiesSet - Supporting [WS-Addressing August 2004, WS-Addressing 1.0]
١٠-٠١-٢٠٢٠ ٠٩:٥٣:٥٧.٥٤٣ [restartedMain] INFO  o.s.c.s.PostProcessorRegistrationDelegate$BeanPostProcessorChecker.postProcessAfterInitialization - Bean 'org.springframework.transaction.annotation.ProxyTransactionManagementConfiguration' of type [org.springframework.transaction.annotation.ProxyTransactionManagementConfiguration] is not eligible for getting processed by all BeanPostProcessors (for example: not eligible for auto-proxying)
١٠-٠١-٢٠٢٠ ٠٩:٥٣:٥٧.٥٧٤ [restartedMain] WARN  o.a.tomcat.util.modeler.Registry.log - The MBean registry cannot be disabled because it has already been initialised
١٠-٠١-٢٠٢٠ ٠٩:٥٣:٥٧.٥٩٨ [restartedMain] INFO  o.s.b.w.e.tomcat.TomcatWebServer.initialize - Tomcat initialized with port(s): 8011 (http)
١٠-٠١-٢٠٢٠ ٠٩:٥٣:٥٧.٥٩٨ [restartedMain] INFO  o.a.catalina.core.StandardService.log - Starting service [Tomcat]
١٠-٠١-٢٠٢٠ ٠٩:٥٣:٥٧.٥٩٨ [restartedMain] INFO  o.a.catalina.core.StandardEngine.log - Starting Servlet engine: [Apache Tomcat/9.0.29]
١٠-٠١-٢٠٢٠ ٠٩:٥٣:٥٧.٦٢٥ [restartedMain] INFO  o.a.c.c.C.[Tomcat-1].[localhost].[/].log - Initializing Spring embedded WebApplicationContext
١٠-٠١-٢٠٢٠ ٠٩:٥٣:٥٧.٦٢٦ [restartedMain] INFO  o.s.web.context.ContextLoader.prepareWebApplicationContext - Root WebApplicationContext: initialization completed in 425 ms
١٠-٠١-٢٠٢٠ ٠٩:٥٣:٥٧.٦٤٣ [restartedMain] INFO  com.zaxxer.hikari.HikariDataSource.getConnection - HikariPool-5 - Starting...
١٠-٠١-٢٠٢٠ ٠٩:٥٣:٥٧.٦٥٤ [restartedMain] INFO  com.zaxxer.hikari.HikariDataSource.getConnection - HikariPool-5 - Start completed.
١٠-٠١-٢٠٢٠ ٠٩:٥٣:٥٧.٦٥٤ [restartedMain] INFO  o.s.b.a.h.H2ConsoleAutoConfiguration.lambda$h2Console$0 - H2 console available at '/h2-console'. Database available at 'jdbc:mysql://localhost:3306/mandob_db'
١٠-٠١-٢٠٢٠ ٠٩:٥٣:٥٧.٦٨١ [restartedMain] INFO  o.h.jpa.internal.util.LogHelper.logPersistenceUnitInformation - HHH000204: Processing PersistenceUnitInfo [name: default]
١٠-٠١-٢٠٢٠ ٠٩:٥٣:٥٧.٦٨٨ [restartedMain] INFO  org.hibernate.dialect.Dialect.<init> - HHH000400: Using dialect: org.hibernate.dialect.MySQL55Dialect
١٠-٠١-٢٠٢٠ ٠٩:٥٣:٥٧.٧١١ [restartedMain] INFO  o.h.e.t.j.p.i.JtaPlatformInitiator.initiateService - HHH000490: Using JtaPlatform implementation: [org.hibernate.engine.transaction.jta.platform.internal.NoJtaPlatform]
١٠-٠١-٢٠٢٠ ٠٩:٥٣:٥٧.٧١١ [restartedMain] INFO  o.s.o.j.LocalContainerEntityManagerFactoryBean.buildNativeEntityManagerFactory - Initialized JPA EntityManagerFactory for persistence unit 'default'
١٠-٠١-٢٠٢٠ ٠٩:٥٣:٥٧.٧٢٤ [restartedMain] WARN  o.s.b.d.a.OptionalLiveReloadServer.startServer - Unable to start LiveReload server
١٠-٠١-٢٠٢٠ ٠٩:٥٣:٥٧.٧٤٨ [restartedMain] WARN  o.s.b.a.o.j.JpaBaseConfiguration$JpaWebConfiguration.openEntityManagerInViewInterceptor - spring.jpa.open-in-view is enabled by default. Therefore, database queries may be performed during view rendering. Explicitly configure spring.jpa.open-in-view to disable this warning
١٠-٠١-٢٠٢٠ ٠٩:٥٣:٥٧.٧٩٢ [restartedMain] INFO  o.s.s.c.ThreadPoolTaskExecutor.initialize - Initializing ExecutorService 'applicationTaskExecutor'
١٠-٠١-٢٠٢٠ ٠٩:٥٣:٥٧.٨٣٢ [restartedMain] WARN  o.s.b.a.t.ThymeleafAutoConfiguration$DefaultTemplateResolverConfiguration.checkTemplateLocationExists - Cannot find template location: classpath:/templates/ (please add some templates or check your Thymeleaf configuration)
١٠-٠١-٢٠٢٠ ٠٩:٥٣:٥٧.٨٧٨ [restartedMain] INFO  o.s.b.w.e.tomcat.TomcatWebServer.start - Tomcat started on port(s): 8011 (http) with context path ''
١٠-٠١-٢٠٢٠ ٠٩:٥٣:٥٧.٨٧٩ [restartedMain] INFO  com.mandob.MandobDemoApplication.logStarted - Started MandobDemoApplication in 0.715 seconds (JVM running for 96390.673)
١٠-٠١-٢٠٢٠ ٠٩:٥٣:٥٧.٨٨٠ [restartedMain] INFO  o.s.b.d.a.ConditionEvaluationDeltaLoggingListener.onApplicationEvent - Condition evaluation unchanged
١٠-٠١-٢٠٢٠ ٠٩:٥٤:٠١.٣١٨ [Thread-16] INFO  o.s.s.c.ThreadPoolTaskExecutor.shutdown - Shutting down ExecutorService 'applicationTaskExecutor'
١٠-٠١-٢٠٢٠ ٠٩:٥٤:٠١.٣١٩ [Thread-16] INFO  o.s.o.j.LocalContainerEntityManagerFactoryBean.destroy - Closing JPA EntityManagerFactory for persistence unit 'default'
١٠-٠١-٢٠٢٠ ٠٩:٥٤:٠١.٣٢١ [Thread-16] INFO  com.zaxxer.hikari.HikariDataSource.close - HikariPool-5 - Shutdown initiated...
١٠-٠١-٢٠٢٠ ٠٩:٥٤:٠١.٣٣٤ [Thread-16] INFO  com.zaxxer.hikari.HikariDataSource.close - HikariPool-5 - Shutdown completed.
١٠-٠١-٢٠٢٠ ٠٩:٥٤:٠١.٧٨٦ [restartedMain] INFO  com.mandob.MandobDemoApplication.logStarting - Starting MandobDemoApplication on DESKTOP-INV2J7Q with PID 8956 (C:\Users\EGYPT\Downloads\mandob-demo\target\classes started by EGYPT in C:\Users\EGYPT\Downloads\mandob-demo)
١٠-٠١-٢٠٢٠ ٠٩:٥٤:٠١.٧٨٧ [restartedMain] INFO  com.mandob.MandobDemoApplication.logStartupProfileInfo - No active profile set, falling back to default profiles: default
١٠-٠١-٢٠٢٠ ٠٩:٥٤:٠٢.١٤٣ [restartedMain] INFO  o.s.d.r.c.RepositoryConfigurationDelegate.registerRepositoriesIn - Bootstrapping Spring Data JPA repositories in DEFAULT mode.
١٠-٠١-٢٠٢٠ ٠٩:٥٤:٠٢.١٨٨ [restartedMain] INFO  o.s.d.r.c.RepositoryConfigurationDelegate.registerRepositoriesIn - Finished Spring Data repository scanning in 44ms. Found 5 JPA repository interfaces.
١٠-٠١-٢٠٢٠ ٠٩:٥٤:٠٢.٢٩١ [restartedMain] INFO  o.s.c.s.PostProcessorRegistrationDelegate$BeanPostProcessorChecker.postProcessAfterInitialization - Bean 'org.springframework.ws.config.annotation.DelegatingWsConfiguration' of type [org.springframework.ws.config.annotation.DelegatingWsConfiguration$$EnhancerBySpringCGLIB$$5fece0d5] is not eligible for getting processed by all BeanPostProcessors (for example: not eligible for auto-proxying)
١٠-٠١-٢٠٢٠ ٠٩:٥٤:٠٢.٢٩٣ [restartedMain] INFO  o.s.w.s.a.s.AnnotationActionEndpointMapping.afterPropertiesSet - Supporting [WS-Addressing August 2004, WS-Addressing 1.0]
١٠-٠١-٢٠٢٠ ٠٩:٥٤:٠٢.٣٠٢ [restartedMain] INFO  o.s.c.s.PostProcessorRegistrationDelegate$BeanPostProcessorChecker.postProcessAfterInitialization - Bean 'org.springframework.transaction.annotation.ProxyTransactionManagementConfiguration' of type [org.springframework.transaction.annotation.ProxyTransactionManagementConfiguration] is not eligible for getting processed by all BeanPostProcessors (for example: not eligible for auto-proxying)
١٠-٠١-٢٠٢٠ ٠٩:٥٤:٠٢.٣٤٧ [restartedMain] WARN  o.a.tomcat.util.modeler.Registry.log - The MBean registry cannot be disabled because it has already been initialised
١٠-٠١-٢٠٢٠ ٠٩:٥٤:٠٢.٣٦٥ [restartedMain] INFO  o.s.b.w.e.tomcat.TomcatWebServer.initialize - Tomcat initialized with port(s): 8011 (http)
١٠-٠١-٢٠٢٠ ٠٩:٥٤:٠٢.٣٦٥ [restartedMain] INFO  o.a.catalina.core.StandardService.log - Starting service [Tomcat]
١٠-٠١-٢٠٢٠ ٠٩:٥٤:٠٢.٣٦٥ [restartedMain] INFO  o.a.catalina.core.StandardEngine.log - Starting Servlet engine: [Apache Tomcat/9.0.29]
١٠-٠١-٢٠٢٠ ٠٩:٥٤:٠٢.٣٨٩ [restartedMain] INFO  o.a.c.c.C.[Tomcat-1].[localhost].[/].log - Initializing Spring embedded WebApplicationContext
١٠-٠١-٢٠٢٠ ٠٩:٥٤:٠٢.٣٨٩ [restartedMain] INFO  o.s.web.context.ContextLoader.prepareWebApplicationContext - Root WebApplicationContext: initialization completed in 598 ms
١٠-٠١-٢٠٢٠ ٠٩:٥٤:٠٢.٤١٢ [restartedMain] INFO  com.zaxxer.hikari.HikariDataSource.getConnection - HikariPool-6 - Starting...
١٠-٠١-٢٠٢٠ ٠٩:٥٤:٠٢.٤٢٣ [restartedMain] INFO  com.zaxxer.hikari.HikariDataSource.getConnection - HikariPool-6 - Start completed.
١٠-٠١-٢٠٢٠ ٠٩:٥٤:٠٢.٤٢٤ [restartedMain] INFO  o.s.b.a.h.H2ConsoleAutoConfiguration.lambda$h2Console$0 - H2 console available at '/h2-console'. Database available at 'jdbc:mysql://localhost:3306/mandob_db'
١٠-٠١-٢٠٢٠ ٠٩:٥٤:٠٢.٤٦٤ [restartedMain] INFO  o.h.jpa.internal.util.LogHelper.logPersistenceUnitInformation - HHH000204: Processing PersistenceUnitInfo [name: default]
١٠-٠١-٢٠٢٠ ٠٩:٥٤:٠٢.٤٧١ [restartedMain] INFO  org.hibernate.dialect.Dialect.<init> - HHH000400: Using dialect: org.hibernate.dialect.MySQL55Dialect
١٠-٠١-٢٠٢٠ ٠٩:٥٤:٠٢.٨٣٥ [restartedMain] INFO  o.h.e.t.j.p.i.JtaPlatformInitiator.initiateService - HHH000490: Using JtaPlatform implementation: [org.hibernate.engine.transaction.jta.platform.internal.NoJtaPlatform]
١٠-٠١-٢٠٢٠ ٠٩:٥٤:٠٢.٨٣٦ [restartedMain] INFO  o.s.o.j.LocalContainerEntityManagerFactoryBean.buildNativeEntityManagerFactory - Initialized JPA EntityManagerFactory for persistence unit 'default'
١٠-٠١-٢٠٢٠ ٠٩:٥٤:٠٢.٨٤٣ [restartedMain] WARN  o.s.b.d.a.OptionalLiveReloadServer.startServer - Unable to start LiveReload server
١٠-٠١-٢٠٢٠ ٠٩:٥٤:٠٣.١٢٦ [restartedMain] WARN  o.s.b.a.o.j.JpaBaseConfiguration$JpaWebConfiguration.openEntityManagerInViewInterceptor - spring.jpa.open-in-view is enabled by default. Therefore, database queries may be performed during view rendering. Explicitly configure spring.jpa.open-in-view to disable this warning
١٠-٠١-٢٠٢٠ ٠٩:٥٤:٠٣.٢٠٣ [restartedMain] INFO  o.s.s.c.ThreadPoolTaskExecutor.initialize - Initializing ExecutorService 'applicationTaskExecutor'
١٠-٠١-٢٠٢٠ ٠٩:٥٤:٠٣.٢٤٣ [restartedMain] WARN  o.s.b.a.t.ThymeleafAutoConfiguration$DefaultTemplateResolverConfiguration.checkTemplateLocationExists - Cannot find template location: classpath:/templates/ (please add some templates or check your Thymeleaf configuration)
١٠-٠١-٢٠٢٠ ٠٩:٥٤:٠٣.٣٠٦ [restartedMain] INFO  o.s.b.w.e.tomcat.TomcatWebServer.start - Tomcat started on port(s): 8011 (http) with context path ''
١٠-٠١-٢٠٢٠ ٠٩:٥٤:٠٣.٣٠٦ [restartedMain] INFO  com.mandob.MandobDemoApplication.logStarted - Started MandobDemoApplication in 1.553 seconds (JVM running for 96396.1)
١٠-٠١-٢٠٢٠ ٠٩:٥٤:٠٣.٣٠٨ [restartedMain] INFO  o.s.b.d.a.ConditionEvaluationDeltaLoggingListener.onApplicationEvent - Condition evaluation unchanged
١٠-٠١-٢٠٢٠ ١٠:٠٠:٠٨.٤٠٦ [Thread-26] INFO  o.s.s.c.ThreadPoolTaskExecutor.shutdown - Shutting down ExecutorService 'applicationTaskExecutor'
١٠-٠١-٢٠٢٠ ١٠:٠٠:٠٨.٤٠٨ [Thread-26] INFO  o.s.o.j.LocalContainerEntityManagerFactoryBean.destroy - Closing JPA EntityManagerFactory for persistence unit 'default'
١٠-٠١-٢٠٢٠ ١٠:٠٠:٠٨.٤٠٩ [Thread-26] INFO  com.zaxxer.hikari.HikariDataSource.close - HikariPool-6 - Shutdown initiated...
١٠-٠١-٢٠٢٠ ١٠:٠٠:٠٨.٤٢١ [Thread-26] INFO  com.zaxxer.hikari.HikariDataSource.close - HikariPool-6 - Shutdown completed.
١٠-٠١-٢٠٢٠ ١٠:١٧:١٨.٥٣١ [restartedMain] INFO  com.mandob.MandobDemoApplication.logStarting - Starting MandobDemoApplication on DESKTOP-INV2J7Q with PID 25532 (C:\Users\EGYPT\Downloads\mandob-demo\target\classes started by EGYPT in C:\Users\EGYPT\Downloads\mandob-demo)
١٠-٠١-٢٠٢٠ ١٠:١٧:١٨.٥٣٤ [restartedMain] INFO  com.mandob.MandobDemoApplication.logStartupProfileInfo - No active profile set, falling back to default profiles: default
١٠-٠١-٢٠٢٠ ١٠:١٧:١٨.٦٣٣ [restartedMain] INFO  o.s.b.d.restart.ChangeableUrls.logTo - The Class-Path manifest attribute in C:\Users\EGYPT\.m2\repository\org\glassfish\jaxb\jaxb-runtime\2.3.2\jaxb-runtime-2.3.2.jar referenced one or more files that do not exist: file:/C:/Users/EGYPT/.m2/repository/org/glassfish/jaxb/jaxb-runtime/2.3.2/jakarta.xml.bind-api-2.3.2.jar,file:/C:/Users/EGYPT/.m2/repository/org/glassfish/jaxb/jaxb-runtime/2.3.2/txw2-2.3.2.jar,file:/C:/Users/EGYPT/.m2/repository/org/glassfish/jaxb/jaxb-runtime/2.3.2/istack-commons-runtime-3.0.8.jar,file:/C:/Users/EGYPT/.m2/repository/org/glassfish/jaxb/jaxb-runtime/2.3.2/stax-ex-1.8.1.jar,file:/C:/Users/EGYPT/.m2/repository/org/glassfish/jaxb/jaxb-runtime/2.3.2/FastInfoset-1.2.16.jar,file:/C:/Users/EGYPT/.m2/repository/org/glassfish/jaxb/jaxb-runtime/2.3.2/jakarta.activation-api-1.2.1.jar
١٠-٠١-٢٠٢٠ ١٠:١٧:١٨.٦٣٤ [restartedMain] INFO  o.s.b.d.e.DevToolsPropertyDefaultsPostProcessor.logTo - Devtools property defaults active! Set 'spring.devtools.add-properties' to 'false' to disable
١٠-٠١-٢٠٢٠ ١٠:١٧:١٨.٦٣٤ [restartedMain] INFO  o.s.b.d.e.DevToolsPropertyDefaultsPostProcessor.logTo - For additional web related logging consider setting the 'logging.level.web' property to 'DEBUG'
١٠-٠١-٢٠٢٠ ١٠:١٧:١٩.٧٠٧ [restartedMain] INFO  o.s.d.r.c.RepositoryConfigurationDelegate.registerRepositoriesIn - Bootstrapping Spring Data JPA repositories in DEFAULT mode.
١٠-٠١-٢٠٢٠ ١٠:١٧:١٩.٨١٠ [restartedMain] INFO  o.s.d.r.c.RepositoryConfigurationDelegate.registerRepositoriesIn - Finished Spring Data repository scanning in 93ms. Found 5 JPA repository interfaces.
١٠-٠١-٢٠٢٠ ١٠:١٧:٢٠.٢٩١ [restartedMain] INFO  o.s.c.s.PostProcessorRegistrationDelegate$BeanPostProcessorChecker.postProcessAfterInitialization - Bean 'org.springframework.ws.config.annotation.DelegatingWsConfiguration' of type [org.springframework.ws.config.annotation.DelegatingWsConfiguration$$EnhancerBySpringCGLIB$$e0385758] is not eligible for getting processed by all BeanPostProcessors (for example: not eligible for auto-proxying)
١٠-٠١-٢٠٢٠ ١٠:١٧:٢٠.٣٥٢ [restartedMain] INFO  o.s.w.s.a.s.AnnotationActionEndpointMapping.afterPropertiesSet - Supporting [WS-Addressing August 2004, WS-Addressing 1.0]
١٠-٠١-٢٠٢٠ ١٠:١٧:٢٠.٣٦٥ [restartedMain] INFO  o.s.c.s.PostProcessorRegistrationDelegate$BeanPostProcessorChecker.postProcessAfterInitialization - Bean 'org.springframework.transaction.annotation.ProxyTransactionManagementConfiguration' of type [org.springframework.transaction.annotation.ProxyTransactionManagementConfiguration] is not eligible for getting processed by all BeanPostProcessors (for example: not eligible for auto-proxying)
١٠-٠١-٢٠٢٠ ١٠:١٧:٢٠.٧٧٩ [restartedMain] INFO  o.s.b.w.e.tomcat.TomcatWebServer.initialize - Tomcat initialized with port(s): 8011 (http)
١٠-٠١-٢٠٢٠ ١٠:١٧:٢٠.٧٨٨ [restartedMain] INFO  o.a.catalina.core.StandardService.log - Starting service [Tomcat]
١٠-٠١-٢٠٢٠ ١٠:١٧:٢٠.٧٨٩ [restartedMain] INFO  o.a.catalina.core.StandardEngine.log - Starting Servlet engine: [Apache Tomcat/9.0.29]
١٠-٠١-٢٠٢٠ ١٠:١٧:٢٠.٨٧٩ [restartedMain] INFO  o.a.c.c.C.[Tomcat].[localhost].[/].log - Initializing Spring embedded WebApplicationContext
١٠-٠١-٢٠٢٠ ١٠:١٧:٢٠.٨٧٩ [restartedMain] INFO  o.s.web.context.ContextLoader.prepareWebApplicationContext - Root WebApplicationContext: initialization completed in 2244 ms
١٠-٠١-٢٠٢٠ ١٠:١٧:٢٠.٩٢٠ [restartedMain] INFO  com.zaxxer.hikari.HikariDataSource.getConnection - HikariPool-1 - Starting...
١٠-٠١-٢٠٢٠ ١٠:١٧:٢١.٢١٠ [restartedMain] INFO  com.zaxxer.hikari.HikariDataSource.getConnection - HikariPool-1 - Start completed.
١٠-٠١-٢٠٢٠ ١٠:١٧:٢١.٢١٦ [restartedMain] INFO  o.s.b.a.h.H2ConsoleAutoConfiguration.lambda$h2Console$0 - H2 console available at '/h2-console'. Database available at 'jdbc:mysql://localhost:3306/mandob_db'
١٠-٠١-٢٠٢٠ ١٠:١٧:٢١.٣٥٤ [restartedMain] INFO  o.h.jpa.internal.util.LogHelper.logPersistenceUnitInformation - HHH000204: Processing PersistenceUnitInfo [name: default]
١٠-٠١-٢٠٢٠ ١٠:١٧:٢١.٥٣٨ [restartedMain] INFO  org.hibernate.Version.logVersion - HHH000412: Hibernate Core {5.4.9.Final}
١٠-٠١-٢٠٢٠ ١٠:١٧:٢١.٦٥٧ [restartedMain] INFO  o.h.annotations.common.Version.<clinit> - HCANN000001: Hibernate Commons Annotations {5.1.0.Final}
١٠-٠١-٢٠٢٠ ١٠:١٧:٢١.٧٥٩ [restartedMain] INFO  org.hibernate.dialect.Dialect.<init> - HHH000400: Using dialect: org.hibernate.dialect.MySQL55Dialect
١٠-٠١-٢٠٢٠ ١٠:١٧:٢٢.٩٩٦ [restartedMain] INFO  o.h.e.t.j.p.i.JtaPlatformInitiator.initiateService - HHH000490: Using JtaPlatform implementation: [org.hibernate.engine.transaction.jta.platform.internal.NoJtaPlatform]
١٠-٠١-٢٠٢٠ ١٠:١٧:٢٣.٠٠٨ [restartedMain] INFO  o.s.o.j.LocalContainerEntityManagerFactoryBean.buildNativeEntityManagerFactory - Initialized JPA EntityManagerFactory for persistence unit 'default'
١٠-٠١-٢٠٢٠ ١٠:١٧:٢٣.٠٣٥ [restartedMain] WARN  o.s.b.d.a.OptionalLiveReloadServer.startServer - Unable to start LiveReload server
١٠-٠١-٢٠٢٠ ١٠:١٧:٢٣.٨٧٧ [restartedMain] WARN  o.s.b.a.o.j.JpaBaseConfiguration$JpaWebConfiguration.openEntityManagerInViewInterceptor - spring.jpa.open-in-view is enabled by default. Therefore, database queries may be performed during view rendering. Explicitly configure spring.jpa.open-in-view to disable this warning
١٠-٠١-٢٠٢٠ ١٠:١٧:٢٤.٠٥٩ [restartedMain] INFO  o.s.s.c.ThreadPoolTaskExecutor.initialize - Initializing ExecutorService 'applicationTaskExecutor'
١٠-٠١-٢٠٢٠ ١٠:١٧:٢٤.١٨٠ [restartedMain] WARN  o.s.b.a.t.ThymeleafAutoConfiguration$DefaultTemplateResolverConfiguration.checkTemplateLocationExists - Cannot find template location: classpath:/templates/ (please add some templates or check your Thymeleaf configuration)
١٠-٠١-٢٠٢٠ ١٠:١٧:٢٤.٣٣٠ [restartedMain] INFO  o.s.b.w.e.tomcat.TomcatWebServer.start - Tomcat started on port(s): 8011 (http) with context path ''
١٠-٠١-٢٠٢٠ ١٠:١٧:٢٤.٣٣٣ [restartedMain] INFO  com.mandob.MandobDemoApplication.logStarted - Started MandobDemoApplication in 6.655 seconds (JVM running for 9.111)
١٠-٠١-٢٠٢٠ ١٠:١٨:٠٠.٥١٢ [http-nio-8011-exec-2] INFO  o.a.c.c.C.[Tomcat].[localhost].[/].log - Initializing Spring DispatcherServlet 'dispatcherServlet'
١٠-٠١-٢٠٢٠ ١٠:١٨:٠٠.٥١٤ [http-nio-8011-exec-2] INFO  o.s.web.servlet.DispatcherServlet.initServletBean - Initializing Servlet 'dispatcherServlet'
١٠-٠١-٢٠٢٠ ١٠:١٨:٠٠.٥٢٩ [http-nio-8011-exec-2] INFO  o.s.web.servlet.DispatcherServlet.initServletBean - Completed initialization in 14 ms
١٠-٠١-٢٠٢٠ ١٠:٢٢:٣٦.١٩١ [SpringContextShutdownHook] INFO  o.s.s.c.ThreadPoolTaskExecutor.shutdown - Shutting down ExecutorService 'applicationTaskExecutor'
١٠-٠١-٢٠٢٠ ١٠:٢٢:٣٦.١٩٥ [SpringContextShutdownHook] INFO  o.s.o.j.LocalContainerEntityManagerFactoryBean.destroy - Closing JPA EntityManagerFactory for persistence unit 'default'
١٠-٠١-٢٠٢٠ ١٠:٢٢:٣٦.٢٠١ [SpringContextShutdownHook] INFO  com.zaxxer.hikari.HikariDataSource.close - HikariPool-1 - Shutdown initiated...
١٠-٠١-٢٠٢٠ ١٠:٢٢:٣٦.٢١٧ [SpringContextShutdownHook] INFO  com.zaxxer.hikari.HikariDataSource.close - HikariPool-1 - Shutdown completed.
١٠-٠١-٢٠٢٠ ١٠:٣٠:٥٨.٧٦٢ [restartedMain] INFO  com.mandob.MandobDemoApplication.logStarting - Starting MandobDemoApplication on DESKTOP-INV2J7Q with PID 18272 (C:\Users\EGYPT\Downloads\mandob-demo\target\classes started by EGYPT in C:\Users\EGYPT\Downloads\mandob-demo)
١٠-٠١-٢٠٢٠ ١٠:٣٠:٥٨.٧٦٥ [restartedMain] INFO  com.mandob.MandobDemoApplication.logStartupProfileInfo - No active profile set, falling back to default profiles: default
١٠-٠١-٢٠٢٠ ١٠:٣٠:٥٨.٨١٨ [restartedMain] INFO  o.s.b.d.restart.ChangeableUrls.logTo - The Class-Path manifest attribute in C:\Users\EGYPT\.m2\repository\org\glassfish\jaxb\jaxb-runtime\2.3.2\jaxb-runtime-2.3.2.jar referenced one or more files that do not exist: file:/C:/Users/EGYPT/.m2/repository/org/glassfish/jaxb/jaxb-runtime/2.3.2/jakarta.xml.bind-api-2.3.2.jar,file:/C:/Users/EGYPT/.m2/repository/org/glassfish/jaxb/jaxb-runtime/2.3.2/txw2-2.3.2.jar,file:/C:/Users/EGYPT/.m2/repository/org/glassfish/jaxb/jaxb-runtime/2.3.2/istack-commons-runtime-3.0.8.jar,file:/C:/Users/EGYPT/.m2/repository/org/glassfish/jaxb/jaxb-runtime/2.3.2/stax-ex-1.8.1.jar,file:/C:/Users/EGYPT/.m2/repository/org/glassfish/jaxb/jaxb-runtime/2.3.2/FastInfoset-1.2.16.jar,file:/C:/Users/EGYPT/.m2/repository/org/glassfish/jaxb/jaxb-runtime/2.3.2/jakarta.activation-api-1.2.1.jar
١٠-٠١-٢٠٢٠ ١٠:٣٠:٥٨.٨١٩ [restartedMain] INFO  o.s.b.d.e.DevToolsPropertyDefaultsPostProcessor.logTo - Devtools property defaults active! Set 'spring.devtools.add-properties' to 'false' to disable
١٠-٠١-٢٠٢٠ ١٠:٣٠:٥٨.٨٢٠ [restartedMain] INFO  o.s.b.d.e.DevToolsPropertyDefaultsPostProcessor.logTo - For additional web related logging consider setting the 'logging.level.web' property to 'DEBUG'
١٠-٠١-٢٠٢٠ ١٠:٣٠:٥٩.٣٧٣ [restartedMain] INFO  o.s.d.r.c.RepositoryConfigurationDelegate.registerRepositoriesIn - Bootstrapping Spring Data JPA repositories in DEFAULT mode.
١٠-٠١-٢٠٢٠ ١٠:٣٠:٥٩.٤٤٣ [restartedMain] INFO  o.s.d.r.c.RepositoryConfigurationDelegate.registerRepositoriesIn - Finished Spring Data repository scanning in 64ms. Found 5 JPA repository interfaces.
١٠-٠١-٢٠٢٠ ١٠:٣٠:٥٩.٦٦٩ [restartedMain] INFO  o.s.c.s.PostProcessorRegistrationDelegate$BeanPostProcessorChecker.postProcessAfterInitialization - Bean 'org.springframework.ws.config.annotation.DelegatingWsConfiguration' of type [org.springframework.ws.config.annotation.DelegatingWsConfiguration$$EnhancerBySpringCGLIB$$267ea70e] is not eligible for getting processed by all BeanPostProcessors (for example: not eligible for auto-proxying)
١٠-٠١-٢٠٢٠ ١٠:٣٠:٥٩.٧٠٤ [restartedMain] INFO  o.s.w.s.a.s.AnnotationActionEndpointMapping.afterPropertiesSet - Supporting [WS-Addressing August 2004, WS-Addressing 1.0]
١٠-٠١-٢٠٢٠ ١٠:٣٠:٥٩.٧١٤ [restartedMain] INFO  o.s.c.s.PostProcessorRegistrationDelegate$BeanPostProcessorChecker.postProcessAfterInitialization - Bean 'org.springframework.transaction.annotation.ProxyTransactionManagementConfiguration' of type [org.springframework.transaction.annotation.ProxyTransactionManagementConfiguration] is not eligible for getting processed by all BeanPostProcessors (for example: not eligible for auto-proxying)
١٠-٠١-٢٠٢٠ ١٠:٣٠:٥٩.٩٢٦ [restartedMain] INFO  o.s.b.w.e.tomcat.TomcatWebServer.initialize - Tomcat initialized with port(s): 8011 (http)
١٠-٠١-٢٠٢٠ ١٠:٣٠:٥٩.٩٣٢ [restartedMain] INFO  o.a.catalina.core.StandardService.log - Starting service [Tomcat]
١٠-٠١-٢٠٢٠ ١٠:٣٠:٥٩.٩٣٣ [restartedMain] INFO  o.a.catalina.core.StandardEngine.log - Starting Servlet engine: [Apache Tomcat/9.0.29]
١٠-٠١-٢٠٢٠ ١٠:٣٠:٥٩.٩٩٥ [restartedMain] INFO  o.a.c.c.C.[Tomcat].[localhost].[/].log - Initializing Spring embedded WebApplicationContext
١٠-٠١-٢٠٢٠ ١٠:٣٠:٥٩.٩٩٦ [restartedMain] INFO  o.s.web.context.ContextLoader.prepareWebApplicationContext - Root WebApplicationContext: initialization completed in 1176 ms
١٠-٠١-٢٠٢٠ ١٠:٣١:٠٠.٠٢٩ [restartedMain] INFO  com.zaxxer.hikari.HikariDataSource.getConnection - HikariPool-1 - Starting...
١٠-٠١-٢٠٢٠ ١٠:٣١:٠٠.٢٤٣ [restartedMain] INFO  com.zaxxer.hikari.HikariDataSource.getConnection - HikariPool-1 - Start completed.
١٠-٠١-٢٠٢٠ ١٠:٣١:٠٠.٢٤٧ [restartedMain] INFO  o.s.b.a.h.H2ConsoleAutoConfiguration.lambda$h2Console$0 - H2 console available at '/h2-console'. Database available at 'jdbc:mysql://localhost:3306/mandob_db'
١٠-٠١-٢٠٢٠ ١٠:٣١:٠٠.٣٣٦ [restartedMain] INFO  o.h.jpa.internal.util.LogHelper.logPersistenceUnitInformation - HHH000204: Processing PersistenceUnitInfo [name: default]
١٠-٠١-٢٠٢٠ ١٠:٣١:٠٠.٤٠٦ [restartedMain] INFO  org.hibernate.Version.logVersion - HHH000412: Hibernate Core {5.4.9.Final}
١٠-٠١-٢٠٢٠ ١٠:٣١:٠٠.٤٨٧ [restartedMain] INFO  o.h.annotations.common.Version.<clinit> - HCANN000001: Hibernate Commons Annotations {5.1.0.Final}
١٠-٠١-٢٠٢٠ ١٠:٣١:٠٠.٥٥٦ [restartedMain] INFO  org.hibernate.dialect.Dialect.<init> - HHH000400: Using dialect: org.hibernate.dialect.MySQL55Dialect
١٠-٠١-٢٠٢٠ ١٠:٣١:٠١.٩٩١ [restartedMain] INFO  o.h.e.t.j.p.i.JtaPlatformInitiator.initiateService - HHH000490: Using JtaPlatform implementation: [org.hibernate.engine.transaction.jta.platform.internal.NoJtaPlatform]
١٠-٠١-٢٠٢٠ ١٠:٣١:٠١.٩٩٦ [restartedMain] INFO  o.s.o.j.LocalContainerEntityManagerFactoryBean.buildNativeEntityManagerFactory - Initialized JPA EntityManagerFactory for persistence unit 'default'
١٠-٠١-٢٠٢٠ ١٠:٣١:٠٢.٠٠٦ [restartedMain] WARN  o.s.b.d.a.OptionalLiveReloadServer.startServer - Unable to start LiveReload server
١٠-٠١-٢٠٢٠ ١٠:٣١:٠٢.٣٥٨ [restartedMain] WARN  o.s.b.w.s.c.AnnotationConfigServletWebServerApplicationContext.refresh - Exception encountered during context initialization - cancelling refresh attempt: org.springframework.beans.factory.UnsatisfiedDependencyException: Error creating bean with name 'lookupController' defined in file [C:\Users\EGYPT\Downloads\mandob-demo\target\classes\com\mandob\controller\LookupController.class]: Unsatisfied dependency expressed through constructor parameter 0; nested exception is org.springframework.beans.factory.UnsatisfiedDependencyException: Error creating bean with name 'cityService' defined in file [C:\Users\EGYPT\Downloads\mandob-demo\target\classes\com\mandob\service\CityService.class]: Unsatisfied dependency expressed through constructor parameter 0; nested exception is org.springframework.beans.factory.BeanCreationException: Error creating bean with name 'cityRepository': Invocation of init method failed; nested exception is java.lang.IllegalArgumentException: Failed to create query for method public abstract java.util.List com.mandob.repository.CityRepository.findAllAsLookupBy()! No property arName found for type City! Did you mean 'ar_Name'?
١٠-٠١-٢٠٢٠ ١٠:٣١:٠٢.٣٥٨ [restartedMain] INFO  o.s.o.j.LocalContainerEntityManagerFactoryBean.destroy - Closing JPA EntityManagerFactory for persistence unit 'default'
١٠-٠١-٢٠٢٠ ١٠:٣١:٠٢.٣٦١ [restartedMain] INFO  com.zaxxer.hikari.HikariDataSource.close - HikariPool-1 - Shutdown initiated...
١٠-٠١-٢٠٢٠ ١٠:٣١:٠٢.٣٧١ [restartedMain] INFO  com.zaxxer.hikari.HikariDataSource.close - HikariPool-1 - Shutdown completed.
١٠-٠١-٢٠٢٠ ١٠:٣١:٠٢.٣٧٣ [restartedMain] INFO  o.a.catalina.core.StandardService.log - Stopping service [Tomcat]
١٠-٠١-٢٠٢٠ ١٠:٣١:٠٢.٣٨١ [restartedMain] INFO  o.s.b.a.l.ConditionEvaluationReportLoggingListener.logMessage - 

Error starting ApplicationContext. To display the conditions report re-run your application with 'debug' enabled.
١٠-٠١-٢٠٢٠ ١٠:٣١:٠٢.٦٥٧ [restartedMain] ERROR o.s.boot.SpringApplication.reportFailure - Application run failed
org.springframework.beans.factory.UnsatisfiedDependencyException: Error creating bean with name 'lookupController' defined in file [C:\Users\EGYPT\Downloads\mandob-demo\target\classes\com\mandob\controller\LookupController.class]: Unsatisfied dependency expressed through constructor parameter 0; nested exception is org.springframework.beans.factory.UnsatisfiedDependencyException: Error creating bean with name 'cityService' defined in file [C:\Users\EGYPT\Downloads\mandob-demo\target\classes\com\mandob\service\CityService.class]: Unsatisfied dependency expressed through constructor parameter 0; nested exception is org.springframework.beans.factory.BeanCreationException: Error creating bean with name 'cityRepository': Invocation of init method failed; nested exception is java.lang.IllegalArgumentException: Failed to create query for method public abstract java.util.List com.mandob.repository.CityRepository.findAllAsLookupBy()! No property arName found for type City! Did you mean 'ar_Name'?
	at org.springframework.beans.factory.support.ConstructorResolver.createArgumentArray(ConstructorResolver.java:798)
	at org.springframework.beans.factory.support.ConstructorResolver.autowireConstructor(ConstructorResolver.java:228)
	at org.springframework.beans.factory.support.AbstractAutowireCapableBeanFactory.autowireConstructor(AbstractAutowireCapableBeanFactory.java:1358)
	at org.springframework.beans.factory.support.AbstractAutowireCapableBeanFactory.createBeanInstance(AbstractAutowireCapableBeanFactory.java:1204)
	at org.springframework.beans.factory.support.AbstractAutowireCapableBeanFactory.doCreateBean(AbstractAutowireCapableBeanFactory.java:557)
	at org.springframework.beans.factory.support.AbstractAutowireCapableBeanFactory.createBean(AbstractAutowireCapableBeanFactory.java:517)
	at org.springframework.beans.factory.support.AbstractBeanFactory.lambda$doGetBean$0(AbstractBeanFactory.java:323)
	at org.springframework.beans.factory.support.DefaultSingletonBeanRegistry.getSingleton(DefaultSingletonBeanRegistry.java:222)
	at org.springframework.beans.factory.support.AbstractBeanFactory.doGetBean(AbstractBeanFactory.java:321)
	at org.springframework.beans.factory.support.AbstractBeanFactory.getBean(AbstractBeanFactory.java:202)
	at org.springframework.beans.factory.support.DefaultListableBeanFactory.preInstantiateSingletons(DefaultListableBeanFactory.java:879)
	at org.springframework.context.support.AbstractApplicationContext.finishBeanFactoryInitialization(AbstractApplicationContext.java:878)
	at org.springframework.context.support.AbstractApplicationContext.refresh(AbstractApplicationContext.java:550)
	at org.springframework.boot.web.servlet.context.ServletWebServerApplicationContext.refresh(ServletWebServerApplicationContext.java:141)
	at org.springframework.boot.SpringApplication.refresh(SpringApplication.java:747)
	at org.springframework.boot.SpringApplication.refreshContext(SpringApplication.java:397)
	at org.springframework.boot.SpringApplication.run(SpringApplication.java:315)
	at org.springframework.boot.SpringApplication.run(SpringApplication.java:1226)
	at org.springframework.boot.SpringApplication.run(SpringApplication.java:1215)
	at com.mandob.MandobDemoApplication.main(MandobDemoApplication.java:12)
	at java.base/jdk.internal.reflect.NativeMethodAccessorImpl.invoke0(Native Method)
	at java.base/jdk.internal.reflect.NativeMethodAccessorImpl.invoke(NativeMethodAccessorImpl.java:62)
	at java.base/jdk.internal.reflect.DelegatingMethodAccessorImpl.invoke(DelegatingMethodAccessorImpl.java:43)
	at java.base/java.lang.reflect.Method.invoke(Method.java:566)
	at org.springframework.boot.devtools.restart.RestartLauncher.run(RestartLauncher.java:49)
Caused by: org.springframework.beans.factory.UnsatisfiedDependencyException: Error creating bean with name 'cityService' defined in file [C:\Users\EGYPT\Downloads\mandob-demo\target\classes\com\mandob\service\CityService.class]: Unsatisfied dependency expressed through constructor parameter 0; nested exception is org.springframework.beans.factory.BeanCreationException: Error creating bean with name 'cityRepository': Invocation of init method failed; nested exception is java.lang.IllegalArgumentException: Failed to create query for method public abstract java.util.List com.mandob.repository.CityRepository.findAllAsLookupBy()! No property arName found for type City! Did you mean 'ar_Name'?
	at org.springframework.beans.factory.support.ConstructorResolver.createArgumentArray(ConstructorResolver.java:798)
	at org.springframework.beans.factory.support.ConstructorResolver.autowireConstructor(ConstructorResolver.java:228)
	at org.springframework.beans.factory.support.AbstractAutowireCapableBeanFactory.autowireConstructor(AbstractAutowireCapableBeanFactory.java:1358)
	at org.springframework.beans.factory.support.AbstractAutowireCapableBeanFactory.createBeanInstance(AbstractAutowireCapableBeanFactory.java:1204)
	at org.springframework.beans.factory.support.AbstractAutowireCapableBeanFactory.doCreateBean(AbstractAutowireCapableBeanFactory.java:557)
	at org.springframework.beans.factory.support.AbstractAutowireCapableBeanFactory.createBean(AbstractAutowireCapableBeanFactory.java:517)
	at org.springframework.beans.factory.support.AbstractBeanFactory.lambda$doGetBean$0(AbstractBeanFactory.java:323)
	at org.springframework.beans.factory.support.DefaultSingletonBeanRegistry.getSingleton(DefaultSingletonBeanRegistry.java:222)
	at org.springframework.beans.factory.support.AbstractBeanFactory.doGetBean(AbstractBeanFactory.java:321)
	at org.springframework.beans.factory.support.AbstractBeanFactory.getBean(AbstractBeanFactory.java:202)
	at org.springframework.beans.factory.config.DependencyDescriptor.resolveCandidate(DependencyDescriptor.java:276)
	at org.springframework.beans.factory.support.DefaultListableBeanFactory.doResolveDependency(DefaultListableBeanFactory.java:1287)
	at org.springframework.beans.factory.support.DefaultListableBeanFactory.resolveDependency(DefaultListableBeanFactory.java:1207)
	at org.springframework.beans.factory.support.ConstructorResolver.resolveAutowiredArgument(ConstructorResolver.java:885)
	at org.springframework.beans.factory.support.ConstructorResolver.createArgumentArray(ConstructorResolver.java:789)
	... 24 common frames omitted
Caused by: org.springframework.beans.factory.BeanCreationException: Error creating bean with name 'cityRepository': Invocation of init method failed; nested exception is java.lang.IllegalArgumentException: Failed to create query for method public abstract java.util.List com.mandob.repository.CityRepository.findAllAsLookupBy()! No property arName found for type City! Did you mean 'ar_Name'?
	at org.springframework.beans.factory.support.AbstractAutowireCapableBeanFactory.initializeBean(AbstractAutowireCapableBeanFactory.java:1796)
	at org.springframework.beans.factory.support.AbstractAutowireCapableBeanFactory.doCreateBean(AbstractAutowireCapableBeanFactory.java:595)
	at org.springframework.beans.factory.support.AbstractAutowireCapableBeanFactory.createBean(AbstractAutowireCapableBeanFactory.java:517)
	at org.springframework.beans.factory.support.AbstractBeanFactory.lambda$doGetBean$0(AbstractBeanFactory.java:323)
	at org.springframework.beans.factory.support.DefaultSingletonBeanRegistry.getSingleton(DefaultSingletonBeanRegistry.java:222)
	at org.springframework.beans.factory.support.AbstractBeanFactory.doGetBean(AbstractBeanFactory.java:321)
	at org.springframework.beans.factory.support.AbstractBeanFactory.getBean(AbstractBeanFactory.java:202)
	at org.springframework.beans.factory.config.DependencyDescriptor.resolveCandidate(DependencyDescriptor.java:276)
	at org.springframework.beans.factory.support.DefaultListableBeanFactory.doResolveDependency(DefaultListableBeanFactory.java:1287)
	at org.springframework.beans.factory.support.DefaultListableBeanFactory.resolveDependency(DefaultListableBeanFactory.java:1207)
	at org.springframework.beans.factory.support.ConstructorResolver.resolveAutowiredArgument(ConstructorResolver.java:885)
	at org.springframework.beans.factory.support.ConstructorResolver.createArgumentArray(ConstructorResolver.java:789)
	... 38 common frames omitted
Caused by: java.lang.IllegalArgumentException: Failed to create query for method public abstract java.util.List com.mandob.repository.CityRepository.findAllAsLookupBy()! No property arName found for type City! Did you mean 'ar_Name'?
	at org.springframework.data.jpa.repository.query.PartTreeJpaQuery.<init>(PartTreeJpaQuery.java:102)
	at org.springframework.data.jpa.repository.query.JpaQueryLookupStrategy$CreateQueryLookupStrategy.resolveQuery(JpaQueryLookupStrategy.java:106)
	at org.springframework.data.jpa.repository.query.JpaQueryLookupStrategy$CreateIfNotFoundQueryLookupStrategy.resolveQuery(JpaQueryLookupStrategy.java:211)
	at org.springframework.data.jpa.repository.query.JpaQueryLookupStrategy$AbstractQueryLookupStrategy.resolveQuery(JpaQueryLookupStrategy.java:79)
	at org.springframework.data.repository.core.support.RepositoryFactorySupport$QueryExecutorMethodInterceptor.lookupQuery(RepositoryFactorySupport.java:574)
	at org.springframework.data.repository.core.support.RepositoryFactorySupport$QueryExecutorMethodInterceptor.lambda$mapMethodsToQuery$1(RepositoryFactorySupport.java:567)
	at java.base/java.util.stream.ReferencePipeline$3$1.accept(ReferencePipeline.java:195)
	at java.base/java.util.Iterator.forEachRemaining(Iterator.java:133)
	at java.base/java.util.Collections$UnmodifiableCollection$1.forEachRemaining(Collections.java:1054)
	at java.base/java.util.Spliterators$IteratorSpliterator.forEachRemaining(Spliterators.java:1801)
	at java.base/java.util.stream.AbstractPipeline.copyInto(AbstractPipeline.java:484)
	at java.base/java.util.stream.AbstractPipeline.wrapAndCopyInto(AbstractPipeline.java:474)
	at java.base/java.util.stream.ReduceOps$ReduceOp.evaluateSequential(ReduceOps.java:913)
	at java.base/java.util.stream.AbstractPipeline.evaluate(AbstractPipeline.java:234)
	at java.base/java.util.stream.ReferencePipeline.collect(ReferencePipeline.java:578)
	at org.springframework.data.repository.core.support.RepositoryFactorySupport$QueryExecutorMethodInterceptor.mapMethodsToQuery(RepositoryFactorySupport.java:569)
	at org.springframework.data.repository.core.support.RepositoryFactorySupport$QueryExecutorMethodInterceptor.lambda$new$0(RepositoryFactorySupport.java:559)
	at java.base/java.util.Optional.map(Optional.java:265)
	at org.springframework.data.repository.core.support.RepositoryFactorySupport$QueryExecutorMethodInterceptor.<init>(RepositoryFactorySupport.java:559)
	at org.springframework.data.repository.core.support.RepositoryFactorySupport.getRepository(RepositoryFactorySupport.java:332)
	at org.springframework.data.repository.core.support.RepositoryFactoryBeanSupport.lambda$afterPropertiesSet$5(RepositoryFactoryBeanSupport.java:297)
	at org.springframework.data.util.Lazy.getNullable(Lazy.java:212)
	at org.springframework.data.util.Lazy.get(Lazy.java:94)
	at org.springframework.data.repository.core.support.RepositoryFactoryBeanSupport.afterPropertiesSet(RepositoryFactoryBeanSupport.java:300)
	at org.springframework.data.jpa.repository.support.JpaRepositoryFactoryBean.afterPropertiesSet(JpaRepositoryFactoryBean.java:121)
	at org.springframework.beans.factory.support.AbstractAutowireCapableBeanFactory.invokeInitMethods(AbstractAutowireCapableBeanFactory.java:1855)
	at org.springframework.beans.factory.support.AbstractAutowireCapableBeanFactory.initializeBean(AbstractAutowireCapableBeanFactory.java:1792)
	... 49 common frames omitted
Caused by: org.springframework.data.mapping.PropertyReferenceException: No property arName found for type City! Did you mean 'ar_Name'?
	at org.springframework.data.mapping.PropertyPath.<init>(PropertyPath.java:94)
	at org.springframework.data.mapping.PropertyPath.create(PropertyPath.java:382)
	at org.springframework.data.mapping.PropertyPath.create(PropertyPath.java:358)
	at org.springframework.data.mapping.PropertyPath.lambda$from$0(PropertyPath.java:311)
	at java.base/java.util.concurrent.ConcurrentMap.computeIfAbsent(ConcurrentMap.java:330)
	at org.springframework.data.mapping.PropertyPath.from(PropertyPath.java:293)
	at org.springframework.data.mapping.PropertyPath.from(PropertyPath.java:276)
	at org.springframework.data.jpa.repository.query.JpaQueryCreator.complete(JpaQueryCreator.java:175)
	at org.springframework.data.jpa.repository.query.JpaQueryCreator.complete(JpaQueryCreator.java:152)
	at org.springframework.data.jpa.repository.query.JpaQueryCreator.complete(JpaQueryCreator.java:59)
	at org.springframework.data.repository.query.parser.AbstractQueryCreator.createQuery(AbstractQueryCreator.java:95)
	at org.springframework.data.repository.query.parser.AbstractQueryCreator.createQuery(AbstractQueryCreator.java:81)
	at org.springframework.data.jpa.repository.query.PartTreeJpaQuery$QueryPreparer.<init>(PartTreeJpaQuery.java:227)
	at org.springframework.data.jpa.repository.query.PartTreeJpaQuery.<init>(PartTreeJpaQuery.java:98)
	... 75 common frames omitted
١٠-٠١-٢٠٢٠ ١٠:٣٨:٠٤.٢٦٤ [restartedMain] INFO  com.mandob.MandobDemoApplication.logStarting - Starting MandobDemoApplication on DESKTOP-INV2J7Q with PID 3240 (C:\Users\EGYPT\Downloads\mandob-demo\target\classes started by EGYPT in C:\Users\EGYPT\Downloads\mandob-demo)
١٠-٠١-٢٠٢٠ ١٠:٣٨:٠٤.٢٦٩ [restartedMain] INFO  com.mandob.MandobDemoApplication.logStartupProfileInfo - No active profile set, falling back to default profiles: default
١٠-٠١-٢٠٢٠ ١٠:٣٨:٠٤.٣١٥ [restartedMain] INFO  o.s.b.d.restart.ChangeableUrls.logTo - The Class-Path manifest attribute in C:\Users\EGYPT\.m2\repository\org\glassfish\jaxb\jaxb-runtime\2.3.2\jaxb-runtime-2.3.2.jar referenced one or more files that do not exist: file:/C:/Users/EGYPT/.m2/repository/org/glassfish/jaxb/jaxb-runtime/2.3.2/jakarta.xml.bind-api-2.3.2.jar,file:/C:/Users/EGYPT/.m2/repository/org/glassfish/jaxb/jaxb-runtime/2.3.2/txw2-2.3.2.jar,file:/C:/Users/EGYPT/.m2/repository/org/glassfish/jaxb/jaxb-runtime/2.3.2/istack-commons-runtime-3.0.8.jar,file:/C:/Users/EGYPT/.m2/repository/org/glassfish/jaxb/jaxb-runtime/2.3.2/stax-ex-1.8.1.jar,file:/C:/Users/EGYPT/.m2/repository/org/glassfish/jaxb/jaxb-runtime/2.3.2/FastInfoset-1.2.16.jar,file:/C:/Users/EGYPT/.m2/repository/org/glassfish/jaxb/jaxb-runtime/2.3.2/jakarta.activation-api-1.2.1.jar
١٠-٠١-٢٠٢٠ ١٠:٣٨:٠٤.٣١٦ [restartedMain] INFO  o.s.b.d.e.DevToolsPropertyDefaultsPostProcessor.logTo - Devtools property defaults active! Set 'spring.devtools.add-properties' to 'false' to disable
١٠-٠١-٢٠٢٠ ١٠:٣٨:٠٤.٣١٦ [restartedMain] INFO  o.s.b.d.e.DevToolsPropertyDefaultsPostProcessor.logTo - For additional web related logging consider setting the 'logging.level.web' property to 'DEBUG'
١٠-٠١-٢٠٢٠ ١٠:٣٨:٠٥.٣٥٤ [restartedMain] INFO  o.s.d.r.c.RepositoryConfigurationDelegate.registerRepositoriesIn - Bootstrapping Spring Data JPA repositories in DEFAULT mode.
١٠-٠١-٢٠٢٠ ١٠:٣٨:٠٥.٤٧٤ [restartedMain] INFO  o.s.d.r.c.RepositoryConfigurationDelegate.registerRepositoriesIn - Finished Spring Data repository scanning in 111ms. Found 5 JPA repository interfaces.
١٠-٠١-٢٠٢٠ ١٠:٣٨:٠٥.٨٧٢ [restartedMain] INFO  o.s.c.s.PostProcessorRegistrationDelegate$BeanPostProcessorChecker.postProcessAfterInitialization - Bean 'org.springframework.ws.config.annotation.DelegatingWsConfiguration' of type [org.springframework.ws.config.annotation.DelegatingWsConfiguration$$EnhancerBySpringCGLIB$$e8ea30e9] is not eligible for getting processed by all BeanPostProcessors (for example: not eligible for auto-proxying)
١٠-٠١-٢٠٢٠ ١٠:٣٨:٠٥.٩٢٦ [restartedMain] INFO  o.s.w.s.a.s.AnnotationActionEndpointMapping.afterPropertiesSet - Supporting [WS-Addressing August 2004, WS-Addressing 1.0]
١٠-٠١-٢٠٢٠ ١٠:٣٨:٠٥.٩٤٢ [restartedMain] INFO  o.s.c.s.PostProcessorRegistrationDelegate$BeanPostProcessorChecker.postProcessAfterInitialization - Bean 'org.springframework.transaction.annotation.ProxyTransactionManagementConfiguration' of type [org.springframework.transaction.annotation.ProxyTransactionManagementConfiguration] is not eligible for getting processed by all BeanPostProcessors (for example: not eligible for auto-proxying)
١٠-٠١-٢٠٢٠ ١٠:٣٨:٠٦.٢٤٨ [restartedMain] INFO  o.s.b.w.e.tomcat.TomcatWebServer.initialize - Tomcat initialized with port(s): 8011 (http)
١٠-٠١-٢٠٢٠ ١٠:٣٨:٠٦.٢٥٨ [restartedMain] INFO  o.a.catalina.core.StandardService.log - Starting service [Tomcat]
١٠-٠١-٢٠٢٠ ١٠:٣٨:٠٦.٢٥٩ [restartedMain] INFO  o.a.catalina.core.StandardEngine.log - Starting Servlet engine: [Apache Tomcat/9.0.29]
١٠-٠١-٢٠٢٠ ١٠:٣٨:٠٦.٣٥٦ [restartedMain] INFO  o.a.c.c.C.[Tomcat].[localhost].[/].log - Initializing Spring embedded WebApplicationContext
١٠-٠١-٢٠٢٠ ١٠:٣٨:٠٦.٣٥٦ [restartedMain] INFO  o.s.web.context.ContextLoader.prepareWebApplicationContext - Root WebApplicationContext: initialization completed in 2040 ms
١٠-٠١-٢٠٢٠ ١٠:٣٨:٠٦.٤٠٤ [restartedMain] INFO  com.zaxxer.hikari.HikariDataSource.getConnection - HikariPool-1 - Starting...
١٠-٠١-٢٠٢٠ ١٠:٣٨:٠٦.٧٥٠ [restartedMain] INFO  com.zaxxer.hikari.HikariDataSource.getConnection - HikariPool-1 - Start completed.
١٠-٠١-٢٠٢٠ ١٠:٣٨:٠٦.٧٥٦ [restartedMain] INFO  o.s.b.a.h.H2ConsoleAutoConfiguration.lambda$h2Console$0 - H2 console available at '/h2-console'. Database available at 'jdbc:mysql://localhost:3306/mandob_db'
١٠-٠١-٢٠٢٠ ١٠:٣٨:٠٦.٩٢٨ [restartedMain] INFO  o.h.jpa.internal.util.LogHelper.logPersistenceUnitInformation - HHH000204: Processing PersistenceUnitInfo [name: default]
١٠-٠١-٢٠٢٠ ١٠:٣٨:٠٧.٠٢٦ [restartedMain] INFO  org.hibernate.Version.logVersion - HHH000412: Hibernate Core {5.4.9.Final}
١٠-٠١-٢٠٢٠ ١٠:٣٨:٠٧.١٥٨ [restartedMain] INFO  o.h.annotations.common.Version.<clinit> - HCANN000001: Hibernate Commons Annotations {5.1.0.Final}
١٠-٠١-٢٠٢٠ ١٠:٣٨:٠٧.٣٠٠ [restartedMain] INFO  org.hibernate.dialect.Dialect.<init> - HHH000400: Using dialect: org.hibernate.dialect.MySQL55Dialect
١٠-٠١-٢٠٢٠ ١٠:٣٨:٠٨.٤٦٦ [restartedMain] INFO  o.h.e.t.j.p.i.JtaPlatformInitiator.initiateService - HHH000490: Using JtaPlatform implementation: [org.hibernate.engine.transaction.jta.platform.internal.NoJtaPlatform]
١٠-٠١-٢٠٢٠ ١٠:٣٨:٠٨.٤٧٣ [restartedMain] INFO  o.s.o.j.LocalContainerEntityManagerFactoryBean.buildNativeEntityManagerFactory - Initialized JPA EntityManagerFactory for persistence unit 'default'
١٠-٠١-٢٠٢٠ ١٠:٣٨:٠٨.٤٨٧ [restartedMain] WARN  o.s.b.d.a.OptionalLiveReloadServer.startServer - Unable to start LiveReload server
١٠-٠١-٢٠٢٠ ١٠:٣٨:٠٨.٨٧٥ [restartedMain] WARN  o.s.b.w.s.c.AnnotationConfigServletWebServerApplicationContext.refresh - Exception encountered during context initialization - cancelling refresh attempt: org.springframework.beans.factory.UnsatisfiedDependencyException: Error creating bean with name 'lookupController' defined in file [C:\Users\EGYPT\Downloads\mandob-demo\target\classes\com\mandob\controller\LookupController.class]: Unsatisfied dependency expressed through constructor parameter 0; nested exception is org.springframework.beans.factory.UnsatisfiedDependencyException: Error creating bean with name 'governmentService' defined in file [C:\Users\EGYPT\Downloads\mandob-demo\target\classes\com\mandob\service\GovernmentService.class]: Unsatisfied dependency expressed through constructor parameter 0; nested exception is org.springframework.beans.factory.BeanCreationException: Error creating bean with name 'governmentRepository': Invocation of init method failed; nested exception is java.lang.IllegalArgumentException: Failed to create query for method public abstract java.util.List com.mandob.repository.GovernmentRepository.findAllAsLookupBy()! No property arName found for type Government! Did you mean 'ar_Name'?
١٠-٠١-٢٠٢٠ ١٠:٣٨:٠٨.٨٧٦ [restartedMain] INFO  o.s.o.j.LocalContainerEntityManagerFactoryBean.destroy - Closing JPA EntityManagerFactory for persistence unit 'default'
١٠-٠١-٢٠٢٠ ١٠:٣٨:٠٨.٨٧٩ [restartedMain] INFO  com.zaxxer.hikari.HikariDataSource.close - HikariPool-1 - Shutdown initiated...
١٠-٠١-٢٠٢٠ ١٠:٣٨:٠٨.٨٨٩ [restartedMain] INFO  com.zaxxer.hikari.HikariDataSource.close - HikariPool-1 - Shutdown completed.
١٠-٠١-٢٠٢٠ ١٠:٣٨:٠٨.٨٩١ [restartedMain] INFO  o.a.catalina.core.StandardService.log - Stopping service [Tomcat]
١٠-٠١-٢٠٢٠ ١٠:٣٨:٠٨.٨٩٩ [restartedMain] INFO  o.s.b.a.l.ConditionEvaluationReportLoggingListener.logMessage - 

Error starting ApplicationContext. To display the conditions report re-run your application with 'debug' enabled.
١٠-٠١-٢٠٢٠ ١٠:٣٨:٠٨.٩٠٨ [restartedMain] ERROR o.s.boot.SpringApplication.reportFailure - Application run failed
org.springframework.beans.factory.UnsatisfiedDependencyException: Error creating bean with name 'lookupController' defined in file [C:\Users\EGYPT\Downloads\mandob-demo\target\classes\com\mandob\controller\LookupController.class]: Unsatisfied dependency expressed through constructor parameter 0; nested exception is org.springframework.beans.factory.UnsatisfiedDependencyException: Error creating bean with name 'governmentService' defined in file [C:\Users\EGYPT\Downloads\mandob-demo\target\classes\com\mandob\service\GovernmentService.class]: Unsatisfied dependency expressed through constructor parameter 0; nested exception is org.springframework.beans.factory.BeanCreationException: Error creating bean with name 'governmentRepository': Invocation of init method failed; nested exception is java.lang.IllegalArgumentException: Failed to create query for method public abstract java.util.List com.mandob.repository.GovernmentRepository.findAllAsLookupBy()! No property arName found for type Government! Did you mean 'ar_Name'?
	at org.springframework.beans.factory.support.ConstructorResolver.createArgumentArray(ConstructorResolver.java:798)
	at org.springframework.beans.factory.support.ConstructorResolver.autowireConstructor(ConstructorResolver.java:228)
	at org.springframework.beans.factory.support.AbstractAutowireCapableBeanFactory.autowireConstructor(AbstractAutowireCapableBeanFactory.java:1358)
	at org.springframework.beans.factory.support.AbstractAutowireCapableBeanFactory.createBeanInstance(AbstractAutowireCapableBeanFactory.java:1204)
	at org.springframework.beans.factory.support.AbstractAutowireCapableBeanFactory.doCreateBean(AbstractAutowireCapableBeanFactory.java:557)
	at org.springframework.beans.factory.support.AbstractAutowireCapableBeanFactory.createBean(AbstractAutowireCapableBeanFactory.java:517)
	at org.springframework.beans.factory.support.AbstractBeanFactory.lambda$doGetBean$0(AbstractBeanFactory.java:323)
	at org.springframework.beans.factory.support.DefaultSingletonBeanRegistry.getSingleton(DefaultSingletonBeanRegistry.java:222)
	at org.springframework.beans.factory.support.AbstractBeanFactory.doGetBean(AbstractBeanFactory.java:321)
	at org.springframework.beans.factory.support.AbstractBeanFactory.getBean(AbstractBeanFactory.java:202)
	at org.springframework.beans.factory.support.DefaultListableBeanFactory.preInstantiateSingletons(DefaultListableBeanFactory.java:879)
	at org.springframework.context.support.AbstractApplicationContext.finishBeanFactoryInitialization(AbstractApplicationContext.java:878)
	at org.springframework.context.support.AbstractApplicationContext.refresh(AbstractApplicationContext.java:550)
	at org.springframework.boot.web.servlet.context.ServletWebServerApplicationContext.refresh(ServletWebServerApplicationContext.java:141)
	at org.springframework.boot.SpringApplication.refresh(SpringApplication.java:747)
	at org.springframework.boot.SpringApplication.refreshContext(SpringApplication.java:397)
	at org.springframework.boot.SpringApplication.run(SpringApplication.java:315)
	at org.springframework.boot.SpringApplication.run(SpringApplication.java:1226)
	at org.springframework.boot.SpringApplication.run(SpringApplication.java:1215)
	at com.mandob.MandobDemoApplication.main(MandobDemoApplication.java:12)
	at java.base/jdk.internal.reflect.NativeMethodAccessorImpl.invoke0(Native Method)
	at java.base/jdk.internal.reflect.NativeMethodAccessorImpl.invoke(NativeMethodAccessorImpl.java:62)
	at java.base/jdk.internal.reflect.DelegatingMethodAccessorImpl.invoke(DelegatingMethodAccessorImpl.java:43)
	at java.base/java.lang.reflect.Method.invoke(Method.java:566)
	at org.springframework.boot.devtools.restart.RestartLauncher.run(RestartLauncher.java:49)
Caused by: org.springframework.beans.factory.UnsatisfiedDependencyException: Error creating bean with name 'governmentService' defined in file [C:\Users\EGYPT\Downloads\mandob-demo\target\classes\com\mandob\service\GovernmentService.class]: Unsatisfied dependency expressed through constructor parameter 0; nested exception is org.springframework.beans.factory.BeanCreationException: Error creating bean with name 'governmentRepository': Invocation of init method failed; nested exception is java.lang.IllegalArgumentException: Failed to create query for method public abstract java.util.List com.mandob.repository.GovernmentRepository.findAllAsLookupBy()! No property arName found for type Government! Did you mean 'ar_Name'?
	at org.springframework.beans.factory.support.ConstructorResolver.createArgumentArray(ConstructorResolver.java:798)
	at org.springframework.beans.factory.support.ConstructorResolver.autowireConstructor(ConstructorResolver.java:228)
	at org.springframework.beans.factory.support.AbstractAutowireCapableBeanFactory.autowireConstructor(AbstractAutowireCapableBeanFactory.java:1358)
	at org.springframework.beans.factory.support.AbstractAutowireCapableBeanFactory.createBeanInstance(AbstractAutowireCapableBeanFactory.java:1204)
	at org.springframework.beans.factory.support.AbstractAutowireCapableBeanFactory.doCreateBean(AbstractAutowireCapableBeanFactory.java:557)
	at org.springframework.beans.factory.support.AbstractAutowireCapableBeanFactory.createBean(AbstractAutowireCapableBeanFactory.java:517)
	at org.springframework.beans.factory.support.AbstractBeanFactory.lambda$doGetBean$0(AbstractBeanFactory.java:323)
	at org.springframework.beans.factory.support.DefaultSingletonBeanRegistry.getSingleton(DefaultSingletonBeanRegistry.java:222)
	at org.springframework.beans.factory.support.AbstractBeanFactory.doGetBean(AbstractBeanFactory.java:321)
	at org.springframework.beans.factory.support.AbstractBeanFactory.getBean(AbstractBeanFactory.java:202)
	at org.springframework.beans.factory.config.DependencyDescriptor.resolveCandidate(DependencyDescriptor.java:276)
	at org.springframework.beans.factory.support.DefaultListableBeanFactory.doResolveDependency(DefaultListableBeanFactory.java:1287)
	at org.springframework.beans.factory.support.DefaultListableBeanFactory.resolveDependency(DefaultListableBeanFactory.java:1207)
	at org.springframework.beans.factory.support.ConstructorResolver.resolveAutowiredArgument(ConstructorResolver.java:885)
	at org.springframework.beans.factory.support.ConstructorResolver.createArgumentArray(ConstructorResolver.java:789)
	... 24 common frames omitted
Caused by: org.springframework.beans.factory.BeanCreationException: Error creating bean with name 'governmentRepository': Invocation of init method failed; nested exception is java.lang.IllegalArgumentException: Failed to create query for method public abstract java.util.List com.mandob.repository.GovernmentRepository.findAllAsLookupBy()! No property arName found for type Government! Did you mean 'ar_Name'?
	at org.springframework.beans.factory.support.AbstractAutowireCapableBeanFactory.initializeBean(AbstractAutowireCapableBeanFactory.java:1796)
	at org.springframework.beans.factory.support.AbstractAutowireCapableBeanFactory.doCreateBean(AbstractAutowireCapableBeanFactory.java:595)
	at org.springframework.beans.factory.support.AbstractAutowireCapableBeanFactory.createBean(AbstractAutowireCapableBeanFactory.java:517)
	at org.springframework.beans.factory.support.AbstractBeanFactory.lambda$doGetBean$0(AbstractBeanFactory.java:323)
	at org.springframework.beans.factory.support.DefaultSingletonBeanRegistry.getSingleton(DefaultSingletonBeanRegistry.java:222)
	at org.springframework.beans.factory.support.AbstractBeanFactory.doGetBean(AbstractBeanFactory.java:321)
	at org.springframework.beans.factory.support.AbstractBeanFactory.getBean(AbstractBeanFactory.java:202)
	at org.springframework.beans.factory.config.DependencyDescriptor.resolveCandidate(DependencyDescriptor.java:276)
	at org.springframework.beans.factory.support.DefaultListableBeanFactory.doResolveDependency(DefaultListableBeanFactory.java:1287)
	at org.springframework.beans.factory.support.DefaultListableBeanFactory.resolveDependency(DefaultListableBeanFactory.java:1207)
	at org.springframework.beans.factory.support.ConstructorResolver.resolveAutowiredArgument(ConstructorResolver.java:885)
	at org.springframework.beans.factory.support.ConstructorResolver.createArgumentArray(ConstructorResolver.java:789)
	... 38 common frames omitted
Caused by: java.lang.IllegalArgumentException: Failed to create query for method public abstract java.util.List com.mandob.repository.GovernmentRepository.findAllAsLookupBy()! No property arName found for type Government! Did you mean 'ar_Name'?
	at org.springframework.data.jpa.repository.query.PartTreeJpaQuery.<init>(PartTreeJpaQuery.java:102)
	at org.springframework.data.jpa.repository.query.JpaQueryLookupStrategy$CreateQueryLookupStrategy.resolveQuery(JpaQueryLookupStrategy.java:106)
	at org.springframework.data.jpa.repository.query.JpaQueryLookupStrategy$CreateIfNotFoundQueryLookupStrategy.resolveQuery(JpaQueryLookupStrategy.java:211)
	at org.springframework.data.jpa.repository.query.JpaQueryLookupStrategy$AbstractQueryLookupStrategy.resolveQuery(JpaQueryLookupStrategy.java:79)
	at org.springframework.data.repository.core.support.RepositoryFactorySupport$QueryExecutorMethodInterceptor.lookupQuery(RepositoryFactorySupport.java:574)
	at org.springframework.data.repository.core.support.RepositoryFactorySupport$QueryExecutorMethodInterceptor.lambda$mapMethodsToQuery$1(RepositoryFactorySupport.java:567)
	at java.base/java.util.stream.ReferencePipeline$3$1.accept(ReferencePipeline.java:195)
	at java.base/java.util.Iterator.forEachRemaining(Iterator.java:133)
	at java.base/java.util.Collections$UnmodifiableCollection$1.forEachRemaining(Collections.java:1054)
	at java.base/java.util.Spliterators$IteratorSpliterator.forEachRemaining(Spliterators.java:1801)
	at java.base/java.util.stream.AbstractPipeline.copyInto(AbstractPipeline.java:484)
	at java.base/java.util.stream.AbstractPipeline.wrapAndCopyInto(AbstractPipeline.java:474)
	at java.base/java.util.stream.ReduceOps$ReduceOp.evaluateSequential(ReduceOps.java:913)
	at java.base/java.util.stream.AbstractPipeline.evaluate(AbstractPipeline.java:234)
	at java.base/java.util.stream.ReferencePipeline.collect(ReferencePipeline.java:578)
	at org.springframework.data.repository.core.support.RepositoryFactorySupport$QueryExecutorMethodInterceptor.mapMethodsToQuery(RepositoryFactorySupport.java:569)
	at org.springframework.data.repository.core.support.RepositoryFactorySupport$QueryExecutorMethodInterceptor.lambda$new$0(RepositoryFactorySupport.java:559)
	at java.base/java.util.Optional.map(Optional.java:265)
	at org.springframework.data.repository.core.support.RepositoryFactorySupport$QueryExecutorMethodInterceptor.<init>(RepositoryFactorySupport.java:559)
	at org.springframework.data.repository.core.support.RepositoryFactorySupport.getRepository(RepositoryFactorySupport.java:332)
	at org.springframework.data.repository.core.support.RepositoryFactoryBeanSupport.lambda$afterPropertiesSet$5(RepositoryFactoryBeanSupport.java:297)
	at org.springframework.data.util.Lazy.getNullable(Lazy.java:212)
	at org.springframework.data.util.Lazy.get(Lazy.java:94)
	at org.springframework.data.repository.core.support.RepositoryFactoryBeanSupport.afterPropertiesSet(RepositoryFactoryBeanSupport.java:300)
	at org.springframework.data.jpa.repository.support.JpaRepositoryFactoryBean.afterPropertiesSet(JpaRepositoryFactoryBean.java:121)
	at org.springframework.beans.factory.support.AbstractAutowireCapableBeanFactory.invokeInitMethods(AbstractAutowireCapableBeanFactory.java:1855)
	at org.springframework.beans.factory.support.AbstractAutowireCapableBeanFactory.initializeBean(AbstractAutowireCapableBeanFactory.java:1792)
	... 49 common frames omitted
Caused by: org.springframework.data.mapping.PropertyReferenceException: No property arName found for type Government! Did you mean 'ar_Name'?
	at org.springframework.data.mapping.PropertyPath.<init>(PropertyPath.java:94)
	at org.springframework.data.mapping.PropertyPath.create(PropertyPath.java:382)
	at org.springframework.data.mapping.PropertyPath.create(PropertyPath.java:358)
	at org.springframework.data.mapping.PropertyPath.lambda$from$0(PropertyPath.java:311)
	at java.base/java.util.concurrent.ConcurrentMap.computeIfAbsent(ConcurrentMap.java:330)
	at org.springframework.data.mapping.PropertyPath.from(PropertyPath.java:293)
	at org.springframework.data.mapping.PropertyPath.from(PropertyPath.java:276)
	at org.springframework.data.jpa.repository.query.JpaQueryCreator.complete(JpaQueryCreator.java:175)
	at org.springframework.data.jpa.repository.query.JpaQueryCreator.complete(JpaQueryCreator.java:152)
	at org.springframework.data.jpa.repository.query.JpaQueryCreator.complete(JpaQueryCreator.java:59)
	at org.springframework.data.repository.query.parser.AbstractQueryCreator.createQuery(AbstractQueryCreator.java:95)
	at org.springframework.data.repository.query.parser.AbstractQueryCreator.createQuery(AbstractQueryCreator.java:81)
	at org.springframework.data.jpa.repository.query.PartTreeJpaQuery$QueryPreparer.<init>(PartTreeJpaQuery.java:227)
	at org.springframework.data.jpa.repository.query.PartTreeJpaQuery.<init>(PartTreeJpaQuery.java:98)
	... 75 common frames omitted
١٠-٠١-٢٠٢٠ ١٢:٠٩:٥١.٤٩٢ [restartedMain] INFO  com.mandob.MandobDemoApplication.logStarting - Starting MandobDemoApplication on DESKTOP-INV2J7Q with PID 18148 (C:\Users\EGYPT\Downloads\mandob-demo\target\classes started by EGYPT in C:\Users\EGYPT\Downloads\mandob-demo)
١٠-٠١-٢٠٢٠ ١٢:٠٩:٥١.٤٩٦ [restartedMain] INFO  com.mandob.MandobDemoApplication.logStartupProfileInfo - No active profile set, falling back to default profiles: default
١٠-٠١-٢٠٢٠ ١٢:٠٩:٥١.٥٥٦ [restartedMain] INFO  o.s.b.d.restart.ChangeableUrls.logTo - The Class-Path manifest attribute in C:\Users\EGYPT\.m2\repository\org\glassfish\jaxb\jaxb-runtime\2.3.2\jaxb-runtime-2.3.2.jar referenced one or more files that do not exist: file:/C:/Users/EGYPT/.m2/repository/org/glassfish/jaxb/jaxb-runtime/2.3.2/jakarta.xml.bind-api-2.3.2.jar,file:/C:/Users/EGYPT/.m2/repository/org/glassfish/jaxb/jaxb-runtime/2.3.2/txw2-2.3.2.jar,file:/C:/Users/EGYPT/.m2/repository/org/glassfish/jaxb/jaxb-runtime/2.3.2/istack-commons-runtime-3.0.8.jar,file:/C:/Users/EGYPT/.m2/repository/org/glassfish/jaxb/jaxb-runtime/2.3.2/stax-ex-1.8.1.jar,file:/C:/Users/EGYPT/.m2/repository/org/glassfish/jaxb/jaxb-runtime/2.3.2/FastInfoset-1.2.16.jar,file:/C:/Users/EGYPT/.m2/repository/org/glassfish/jaxb/jaxb-runtime/2.3.2/jakarta.activation-api-1.2.1.jar
١٠-٠١-٢٠٢٠ ١٢:٠٩:٥١.٥٥٧ [restartedMain] INFO  o.s.b.d.e.DevToolsPropertyDefaultsPostProcessor.logTo - Devtools property defaults active! Set 'spring.devtools.add-properties' to 'false' to disable
١٠-٠١-٢٠٢٠ ١٢:٠٩:٥١.٥٥٧ [restartedMain] INFO  o.s.b.d.e.DevToolsPropertyDefaultsPostProcessor.logTo - For additional web related logging consider setting the 'logging.level.web' property to 'DEBUG'
١٠-٠١-٢٠٢٠ ١٢:٠٩:٥٢.٢٠٨ [restartedMain] INFO  o.s.d.r.c.RepositoryConfigurationDelegate.registerRepositoriesIn - Bootstrapping Spring Data JPA repositories in DEFAULT mode.
١٠-٠١-٢٠٢٠ ١٢:٠٩:٥٢.٢٩١ [restartedMain] INFO  o.s.d.r.c.RepositoryConfigurationDelegate.registerRepositoriesIn - Finished Spring Data repository scanning in 76ms. Found 5 JPA repository interfaces.
١٠-٠١-٢٠٢٠ ١٢:٠٩:٥٢.٥٥٤ [restartedMain] INFO  o.s.c.s.PostProcessorRegistrationDelegate$BeanPostProcessorChecker.postProcessAfterInitialization - Bean 'org.springframework.ws.config.annotation.DelegatingWsConfiguration' of type [org.springframework.ws.config.annotation.DelegatingWsConfiguration$$EnhancerBySpringCGLIB$$db21e2d7] is not eligible for getting processed by all BeanPostProcessors (for example: not eligible for auto-proxying)
١٠-٠١-٢٠٢٠ ١٢:٠٩:٥٢.٥٩١ [restartedMain] INFO  o.s.w.s.a.s.AnnotationActionEndpointMapping.afterPropertiesSet - Supporting [WS-Addressing August 2004, WS-Addressing 1.0]
١٠-٠١-٢٠٢٠ ١٢:٠٩:٥٢.٦٠٣ [restartedMain] INFO  o.s.c.s.PostProcessorRegistrationDelegate$BeanPostProcessorChecker.postProcessAfterInitialization - Bean 'org.springframework.transaction.annotation.ProxyTransactionManagementConfiguration' of type [org.springframework.transaction.annotation.ProxyTransactionManagementConfiguration] is not eligible for getting processed by all BeanPostProcessors (for example: not eligible for auto-proxying)
١٠-٠١-٢٠٢٠ ١٢:٠٩:٥٢.٨٣٣ [restartedMain] INFO  o.s.b.w.e.tomcat.TomcatWebServer.initialize - Tomcat initialized with port(s): 8011 (http)
١٠-٠١-٢٠٢٠ ١٢:٠٩:٥٢.٨٤٠ [restartedMain] INFO  o.a.catalina.core.StandardService.log - Starting service [Tomcat]
١٠-٠١-٢٠٢٠ ١٢:٠٩:٥٢.٨٤٠ [restartedMain] INFO  o.a.catalina.core.StandardEngine.log - Starting Servlet engine: [Apache Tomcat/9.0.29]
١٠-٠١-٢٠٢٠ ١٢:٠٩:٥٢.٩١٣ [restartedMain] INFO  o.a.c.c.C.[Tomcat].[localhost].[/].log - Initializing Spring embedded WebApplicationContext
١٠-٠١-٢٠٢٠ ١٢:٠٩:٥٢.٩١٣ [restartedMain] INFO  o.s.web.context.ContextLoader.prepareWebApplicationContext - Root WebApplicationContext: initialization completed in 1355 ms
١٠-٠١-٢٠٢٠ ١٢:٠٩:٥٢.٩٤٦ [restartedMain] INFO  com.zaxxer.hikari.HikariDataSource.getConnection - HikariPool-1 - Starting...
١٠-٠١-٢٠٢٠ ١٢:٠٩:٥٣.١٨٧ [restartedMain] INFO  com.zaxxer.hikari.HikariDataSource.getConnection - HikariPool-1 - Start completed.
١٠-٠١-٢٠٢٠ ١٢:٠٩:٥٣.١٩١ [restartedMain] INFO  o.s.b.a.h.H2ConsoleAutoConfiguration.lambda$h2Console$0 - H2 console available at '/h2-console'. Database available at 'jdbc:mysql://localhost:3306/mandob_db'
١٠-٠١-٢٠٢٠ ١٢:٠٩:٥٣.٢٨٦ [restartedMain] INFO  o.h.jpa.internal.util.LogHelper.logPersistenceUnitInformation - HHH000204: Processing PersistenceUnitInfo [name: default]
١٠-٠١-٢٠٢٠ ١٢:٠٩:٥٣.٣٦٢ [restartedMain] INFO  org.hibernate.Version.logVersion - HHH000412: Hibernate Core {5.4.9.Final}
١٠-٠١-٢٠٢٠ ١٢:٠٩:٥٣.٤٥١ [restartedMain] INFO  o.h.annotations.common.Version.<clinit> - HCANN000001: Hibernate Commons Annotations {5.1.0.Final}
١٠-٠١-٢٠٢٠ ١٢:٠٩:٥٣.٥٢٨ [restartedMain] INFO  org.hibernate.dialect.Dialect.<init> - HHH000400: Using dialect: org.hibernate.dialect.MySQL55Dialect
١٠-٠١-٢٠٢٠ ١٢:٠٩:٥٤.٥٧٩ [restartedMain] INFO  o.h.e.t.j.p.i.JtaPlatformInitiator.initiateService - HHH000490: Using JtaPlatform implementation: [org.hibernate.engine.transaction.jta.platform.internal.NoJtaPlatform]
١٠-٠١-٢٠٢٠ ١٢:٠٩:٥٤.٥٨٥ [restartedMain] INFO  o.s.o.j.LocalContainerEntityManagerFactoryBean.buildNativeEntityManagerFactory - Initialized JPA EntityManagerFactory for persistence unit 'default'
١٠-٠١-٢٠٢٠ ١٢:٠٩:٥٤.٥٩٩ [restartedMain] WARN  o.s.b.d.a.OptionalLiveReloadServer.startServer - Unable to start LiveReload server
١٠-٠١-٢٠٢٠ ١٢:٠٩:٥٥.١٥١ [restartedMain] WARN  o.s.b.a.o.j.JpaBaseConfiguration$JpaWebConfiguration.openEntityManagerInViewInterceptor - spring.jpa.open-in-view is enabled by default. Therefore, database queries may be performed during view rendering. Explicitly configure spring.jpa.open-in-view to disable this warning
١٠-٠١-٢٠٢٠ ١٢:٠٩:٥٥.٢٣٨ [restartedMain] INFO  o.s.s.c.ThreadPoolTaskExecutor.initialize - Initializing ExecutorService 'applicationTaskExecutor'
١٠-٠١-٢٠٢٠ ١٢:٠٩:٥٥.٣٣٢ [restartedMain] WARN  o.s.b.a.t.ThymeleafAutoConfiguration$DefaultTemplateResolverConfiguration.checkTemplateLocationExists - Cannot find template location: classpath:/templates/ (please add some templates or check your Thymeleaf configuration)
١٠-٠١-٢٠٢٠ ١٢:٠٩:٥٥.٤٤١ [restartedMain] INFO  o.s.b.w.e.tomcat.TomcatWebServer.start - Tomcat started on port(s): 8011 (http) with context path ''
١٠-٠١-٢٠٢٠ ١٢:٠٩:٥٥.٤٤٣ [restartedMain] INFO  com.mandob.MandobDemoApplication.logStarted - Started MandobDemoApplication in 4.382 seconds (JVM running for 5.381)
١٠-٠١-٢٠٢٠ ١٢:١١:٠٣.٥٦٣ [SpringContextShutdownHook] INFO  o.s.s.c.ThreadPoolTaskExecutor.shutdown - Shutting down ExecutorService 'applicationTaskExecutor'
١٠-٠١-٢٠٢٠ ١٢:١١:٠٣.٥٦٧ [SpringContextShutdownHook] INFO  o.s.o.j.LocalContainerEntityManagerFactoryBean.destroy - Closing JPA EntityManagerFactory for persistence unit 'default'
١٠-٠١-٢٠٢٠ ١٢:١١:٠٣.٥٧٥ [SpringContextShutdownHook] INFO  com.zaxxer.hikari.HikariDataSource.close - HikariPool-1 - Shutdown initiated...
١٠-٠١-٢٠٢٠ ١٢:١١:٠٣.٥٩١ [SpringContextShutdownHook] INFO  com.zaxxer.hikari.HikariDataSource.close - HikariPool-1 - Shutdown completed.
١٠-٠١-٢٠٢٠ ١٢:١١:٠٩.٣١٤ [restartedMain] INFO  com.mandob.MandobDemoApplication.logStarting - Starting MandobDemoApplication on DESKTOP-INV2J7Q with PID 8520 (C:\Users\EGYPT\Downloads\mandob-demo\target\classes started by EGYPT in C:\Users\EGYPT\Downloads\mandob-demo)
١٠-٠١-٢٠٢٠ ١٢:١١:٠٩.٣١٨ [restartedMain] INFO  com.mandob.MandobDemoApplication.logStartupProfileInfo - No active profile set, falling back to default profiles: default
١٠-٠١-٢٠٢٠ ١٢:١١:٠٩.٣٧٣ [restartedMain] INFO  o.s.b.d.restart.ChangeableUrls.logTo - The Class-Path manifest attribute in C:\Users\EGYPT\.m2\repository\org\glassfish\jaxb\jaxb-runtime\2.3.2\jaxb-runtime-2.3.2.jar referenced one or more files that do not exist: file:/C:/Users/EGYPT/.m2/repository/org/glassfish/jaxb/jaxb-runtime/2.3.2/jakarta.xml.bind-api-2.3.2.jar,file:/C:/Users/EGYPT/.m2/repository/org/glassfish/jaxb/jaxb-runtime/2.3.2/txw2-2.3.2.jar,file:/C:/Users/EGYPT/.m2/repository/org/glassfish/jaxb/jaxb-runtime/2.3.2/istack-commons-runtime-3.0.8.jar,file:/C:/Users/EGYPT/.m2/repository/org/glassfish/jaxb/jaxb-runtime/2.3.2/stax-ex-1.8.1.jar,file:/C:/Users/EGYPT/.m2/repository/org/glassfish/jaxb/jaxb-runtime/2.3.2/FastInfoset-1.2.16.jar,file:/C:/Users/EGYPT/.m2/repository/org/glassfish/jaxb/jaxb-runtime/2.3.2/jakarta.activation-api-1.2.1.jar
١٠-٠١-٢٠٢٠ ١٢:١١:٠٩.٣٧٤ [restartedMain] INFO  o.s.b.d.e.DevToolsPropertyDefaultsPostProcessor.logTo - Devtools property defaults active! Set 'spring.devtools.add-properties' to 'false' to disable
١٠-٠١-٢٠٢٠ ١٢:١١:٠٩.٣٧٤ [restartedMain] INFO  o.s.b.d.e.DevToolsPropertyDefaultsPostProcessor.logTo - For additional web related logging consider setting the 'logging.level.web' property to 'DEBUG'
١٠-٠١-٢٠٢٠ ١٢:١١:١٠.٢١٢ [restartedMain] INFO  o.s.d.r.c.RepositoryConfigurationDelegate.registerRepositoriesIn - Bootstrapping Spring Data JPA repositories in DEFAULT mode.
١٠-٠١-٢٠٢٠ ١٢:١١:١٠.٣٢٣ [restartedMain] INFO  o.s.d.r.c.RepositoryConfigurationDelegate.registerRepositoriesIn - Finished Spring Data repository scanning in 102ms. Found 5 JPA repository interfaces.
١٠-٠١-٢٠٢٠ ١٢:١١:١٠.٦٩٨ [restartedMain] INFO  o.s.c.s.PostProcessorRegistrationDelegate$BeanPostProcessorChecker.postProcessAfterInitialization - Bean 'org.springframework.ws.config.annotation.DelegatingWsConfiguration' of type [org.springframework.ws.config.annotation.DelegatingWsConfiguration$$EnhancerBySpringCGLIB$$37aae509] is not eligible for getting processed by all BeanPostProcessors (for example: not eligible for auto-proxying)
١٠-٠١-٢٠٢٠ ١٢:١١:١٠.٧٥٦ [restartedMain] INFO  o.s.w.s.a.s.AnnotationActionEndpointMapping.afterPropertiesSet - Supporting [WS-Addressing August 2004, WS-Addressing 1.0]
١٠-٠١-٢٠٢٠ ١٢:١١:١٠.٧٧٣ [restartedMain] INFO  o.s.c.s.PostProcessorRegistrationDelegate$BeanPostProcessorChecker.postProcessAfterInitialization - Bean 'org.springframework.transaction.annotation.ProxyTransactionManagementConfiguration' of type [org.springframework.transaction.annotation.ProxyTransactionManagementConfiguration] is not eligible for getting processed by all BeanPostProcessors (for example: not eligible for auto-proxying)
١٠-٠١-٢٠٢٠ ١٢:١١:١١.١٠٩ [restartedMain] INFO  o.s.b.w.e.tomcat.TomcatWebServer.initialize - Tomcat initialized with port(s): 8011 (http)
١٠-٠١-٢٠٢٠ ١٢:١١:١١.١١٨ [restartedMain] INFO  o.a.catalina.core.StandardService.log - Starting service [Tomcat]
١٠-٠١-٢٠٢٠ ١٢:١١:١١.١١٩ [restartedMain] INFO  o.a.catalina.core.StandardEngine.log - Starting Servlet engine: [Apache Tomcat/9.0.29]
١٠-٠١-٢٠٢٠ ١٢:١١:١١.٢١٣ [restartedMain] INFO  o.a.c.c.C.[Tomcat].[localhost].[/].log - Initializing Spring embedded WebApplicationContext
١٠-٠١-٢٠٢٠ ١٢:١١:١١.٢١٣ [restartedMain] INFO  o.s.web.context.ContextLoader.prepareWebApplicationContext - Root WebApplicationContext: initialization completed in 1839 ms
١٠-٠١-٢٠٢٠ ١٢:١١:١١.٢٥٩ [restartedMain] INFO  com.zaxxer.hikari.HikariDataSource.getConnection - HikariPool-1 - Starting...
١٠-٠١-٢٠٢٠ ١٢:١١:١١.٥٧٥ [restartedMain] INFO  com.zaxxer.hikari.HikariDataSource.getConnection - HikariPool-1 - Start completed.
١٠-٠١-٢٠٢٠ ١٢:١١:١١.٥٨٢ [restartedMain] INFO  o.s.b.a.h.H2ConsoleAutoConfiguration.lambda$h2Console$0 - H2 console available at '/h2-console'. Database available at 'jdbc:mysql://localhost:3306/mandob_db'
١٠-٠١-٢٠٢٠ ١٢:١١:١١.٧٤٠ [restartedMain] INFO  o.h.jpa.internal.util.LogHelper.logPersistenceUnitInformation - HHH000204: Processing PersistenceUnitInfo [name: default]
١٠-٠١-٢٠٢٠ ١٢:١١:١١.٨٠٦ [restartedMain] INFO  org.hibernate.Version.logVersion - HHH000412: Hibernate Core {5.4.9.Final}
١٠-٠١-٢٠٢٠ ١٢:١١:١١.٩١٧ [restartedMain] INFO  o.h.annotations.common.Version.<clinit> - HCANN000001: Hibernate Commons Annotations {5.1.0.Final}
١٠-٠١-٢٠٢٠ ١٢:١١:١٢.٠٣٧ [restartedMain] INFO  org.hibernate.dialect.Dialect.<init> - HHH000400: Using dialect: org.hibernate.dialect.MySQL55Dialect
١٠-٠١-٢٠٢٠ ١٢:١١:١٣.٢٣٤ [restartedMain] INFO  o.h.e.t.j.p.i.JtaPlatformInitiator.initiateService - HHH000490: Using JtaPlatform implementation: [org.hibernate.engine.transaction.jta.platform.internal.NoJtaPlatform]
١٠-٠١-٢٠٢٠ ١٢:١١:١٣.٢٤٢ [restartedMain] INFO  o.s.o.j.LocalContainerEntityManagerFactoryBean.buildNativeEntityManagerFactory - Initialized JPA EntityManagerFactory for persistence unit 'default'
١٠-٠١-٢٠٢٠ ١٢:١١:١٣.٢٥٨ [restartedMain] WARN  o.s.b.d.a.OptionalLiveReloadServer.startServer - Unable to start LiveReload server
١٠-٠١-٢٠٢٠ ١٢:١١:١٣.٩٧٩ [restartedMain] WARN  o.s.b.a.o.j.JpaBaseConfiguration$JpaWebConfiguration.openEntityManagerInViewInterceptor - spring.jpa.open-in-view is enabled by default. Therefore, database queries may be performed during view rendering. Explicitly configure spring.jpa.open-in-view to disable this warning
١٠-٠١-٢٠٢٠ ١٢:١١:١٤.٠٩٨ [restartedMain] INFO  o.s.s.c.ThreadPoolTaskExecutor.initialize - Initializing ExecutorService 'applicationTaskExecutor'
١٠-٠١-٢٠٢٠ ١٢:١١:١٤.٢٥٠ [restartedMain] WARN  o.s.b.a.t.ThymeleafAutoConfiguration$DefaultTemplateResolverConfiguration.checkTemplateLocationExists - Cannot find template location: classpath:/templates/ (please add some templates or check your Thymeleaf configuration)
١٠-٠١-٢٠٢٠ ١٢:١١:١٤.٣٨٣ [restartedMain] INFO  o.s.b.w.e.tomcat.TomcatWebServer.start - Tomcat started on port(s): 8011 (http) with context path ''
١٠-٠١-٢٠٢٠ ١٢:١١:١٤.٣٨٦ [restartedMain] INFO  com.mandob.MandobDemoApplication.logStarted - Started MandobDemoApplication in 5.554 seconds (JVM running for 6.797)
١٠-٠١-٢٠٢٠ ١٢:١١:٣٨.٦٨٢ [http-nio-8011-exec-1] INFO  o.a.c.c.C.[Tomcat].[localhost].[/].log - Initializing Spring DispatcherServlet 'dispatcherServlet'
١٠-٠١-٢٠٢٠ ١٢:١١:٣٨.٦٨٤ [http-nio-8011-exec-1] INFO  o.s.web.servlet.DispatcherServlet.initServletBean - Initializing Servlet 'dispatcherServlet'
١٠-٠١-٢٠٢٠ ١٢:١١:٣٨.٦٩١ [http-nio-8011-exec-1] INFO  o.s.web.servlet.DispatcherServlet.initServletBean - Completed initialization in 7 ms
